<?xml version="1.0" encoding="UTF-8"?>
<testsuite xmlns:xsi="http://www.w3.org/2001/XMLSchema-instance" xsi:noNamespaceSchemaLocation="https://maven.apache.org/surefire/maven-surefire-plugin/xsd/surefire-test-report-3.0.xsd" version="3.0" name="com.redseeker.recommend.ZhipuAiIntegrationTest" time="1.263" tests="1" errors="0" skipped="0" failures="0">
  <properties>
[...]
</properties>
  <testcase name="testRealAiCall" classname="com.redseeker.recommend.ZhipuAiIntegrationTest" time="1.065">
    <system-out><![CDATA[2026-01-12T18:02:47.193+08:00  INFO 29992 --- [redseeker-backend] [           main] t.c.s.AnnotationConfigContextLoaderUtils : Could not detect default configuration classes for test class [com.redseeker.recommend.ZhipuAiIntegrationTest]: ZhipuAiIntegrationTest does not declare any static, non-private, non-final, nested classes annotated with @Configuration.
2026-01-12T18:02:47.194+08:00  INFO 29992 --- [redseeker-backend] [           main] .b.t.c.SpringBootTestContextBootstrapper : Found @SpringBootConfiguration com.redseeker.Application for test class com.redseeker.recommend.ZhipuAiIntegrationTest

  .   ____          _            __ _ _
 /\\ / ___'_ __ _ _(_)_ __  __ _ \ \ \ \
( ( )\___ | '_ | '_| | '_ \/ _` | \ \ \ \
 \\/  ___)| |_)| | | | | || (_| |  ) ) ) )
  '  |____| .__|_| |_|_| |_\__, | / / / /
 =========|_|==============|___/=/_/_/_/
 :: Spring Boot ::                (v3.2.0)

2026-01-12T18:02:47.227+08:00  INFO 29992 --- [redseeker-backend] [           main] c.r.recommend.ZhipuAiIntegrationTest     : Starting ZhipuAiIntegrationTest using Java 23.0.1 with PID 29992 (started by yby in D:\university\Term2S1\codes_data_structure\course_design\RedSeeker\backend)
2026-01-12T18:02:47.227+08:00  INFO 29992 --- [redseeker-backend] [           main] c.r.recommend.ZhipuAiIntegrationTest     : No active profile set, falling back to 1 default profile: "default"
2026-01-12T18:02:47.389+08:00  INFO 29992 --- [redseeker-backend] [           main] c.r.recommend.ZhipuAiIntegrationTest     : Started ZhipuAiIntegrationTest in 0.193 seconds (process running for 3.39)
Beginning Real AI API Test...
--------------------------------------------------
Real AI Response: pong
--------------------------------------------------
]]></system-out>
  </testcase>
</testsuite>