<?xml version="1.0" encoding="UTF-8"?>
<testsuite xmlns:xsi="http://www.w3.org/2001/XMLSchema-instance" xsi:noNamespaceSchemaLocation="https://maven.apache.org/surefire/maven-surefire-plugin/xsd/surefire-test-report-3.0.xsd" version="3.0" name="com.redseeker.recommend.RecommendControllerTest" time="3.077" tests="3" errors="0" skipped="0" failures="1">
  <properties>
[...]
</properties>
  <testcase name="testGetRecommendations_CollaborativeFiltering" classname="com.redseeker.recommend.RecommendControllerTest" time="0.369">
    <system-out><![CDATA[23:54:14.593 [main] INFO org.springframework.test.context.support.AnnotationConfigContextLoaderUtils -- Could not detect default configuration classes for test class [com.redseeker.recommend.RecommendControllerTest]: RecommendControllerTest does not declare any static, non-private, non-final, nested classes annotated with @Configuration.
23:54:14.693 [main] INFO org.springframework.boot.test.context.SpringBootTestContextBootstrapper -- Found @SpringBootConfiguration com.redseeker.Application for test class com.redseeker.recommend.RecommendControllerTest

  .   ____          _            __ _ _
 /\\ / ___'_ __ _ _(_)_ __  __ _ \ \ \ \
( ( )\___ | '_ | '_| | '_ \/ _` | \ \ \ \
 \\/  ___)| |_)| | | | | || (_| |  ) ) ) )
  '  |____| .__|_| |_|_| |_\__, | / / / /
 =========|_|==============|___/=/_/_/_/
 :: Spring Boot ::                (v3.2.0)

2026-01-14T23:54:15.034+08:00  INFO 36660 --- [redseeker-backend] [           main] c.r.recommend.RecommendControllerTest    : Starting RecommendControllerTest using Java 23.0.1 with PID 36660 (started by yby in D:\university\Term2S1\codes_data_structure\course_design\RedSeeker\backend)
2026-01-14T23:54:15.035+08:00  INFO 36660 --- [redseeker-backend] [           main] c.r.recommend.RecommendControllerTest    : No active profile set, falling back to 1 default profile: "default"
2026-01-14T23:54:16.987+08:00  INFO 36660 --- [redseeker-backend] [           main] o.s.b.t.m.w.SpringBootMockServletContext : Initializing Spring TestDispatcherServlet ''
2026-01-14T23:54:16.987+08:00  INFO 36660 --- [redseeker-backend] [           main] o.s.t.web.servlet.TestDispatcherServlet  : Initializing Servlet ''
2026-01-14T23:54:16.988+08:00  INFO 36660 --- [redseeker-backend] [           main] o.s.t.web.servlet.TestDispatcherServlet  : Completed initialization in 1 ms
2026-01-14T23:54:17.002+08:00  INFO 36660 --- [redseeker-backend] [           main] c.r.recommend.RecommendControllerTest    : Started RecommendControllerTest in 2.203 seconds (process running for 2.935)
]]></system-out>
    <system-err><![CDATA[WARNING: A Java agent has been loaded dynamically (C:\Users\yby\.m2\repository\net\bytebuddy\byte-buddy-agent\1.14.10\byte-buddy-agent-1.14.10.jar)
WARNING: If a serviceability tool is in use, please run with -XX:+EnableDynamicAgentLoading to hide this warning
WARNING: If a serviceability tool is not in use, please run with -Djdk.instrument.traceUsage for more information
WARNING: Dynamic loading of agents will be disallowed by default in a future release
]]></system-err>
  </testcase>
  <testcase name="testGetRecommendations_ContentBased" classname="com.redseeker.recommend.RecommendControllerTest" time="0.119">
    <failure message="JSON path &quot;$.data[0].category&quot; expected:&lt;革命旧址&gt; but was:&lt;Category-9&gt;" type="java.lang.AssertionError"><![CDATA[java.lang.AssertionError: JSON path "$.data[0].category" expected:<革命旧址> but was:<Category-9>
	at org.springframework.test.util.AssertionErrors.fail(AssertionErrors.java:59)
	at org.springframework.test.util.AssertionErrors.assertEquals(AssertionErrors.java:122)
	at org.springframework.test.util.JsonPathExpectationsHelper.assertValue(JsonPathExpectationsHelper.java:123)
	at org.springframework.test.web.servlet.result.JsonPathResultMatchers.lambda$value$2(JsonPathResultMatchers.java:111)
	at org.springframework.test.web.servlet.MockMvc$1.andExpect(MockMvc.java:214)
	at com.redseeker.recommend.RecommendControllerTest.testGetRecommendations_ContentBased(RecommendControllerTest.java:46)
	at java.base/java.lang.reflect.Method.invoke(Method.java:580)
	at java.base/java.util.ArrayList.forEach(ArrayList.java:1597)
	at java.base/java.util.ArrayList.forEach(ArrayList.java:1597)
]]></failure>
    <system-out><![CDATA[
MockHttpServletRequest:
      HTTP Method = POST
      Request URI = /api/recommend/list
       Parameters = {}
          Headers = [Content-Type:"application/json;charset=UTF-8", Content-Length:"95"]
             Body = {"city":"Shanghai","userId":null,"preferences":["革命旧址"],"travelStyle":null,"days":null}
    Session Attrs = {}

Handler:
             Type = com.redseeker.recommend.RecommendController
           Method = com.redseeker.recommend.RecommendController#list(RecommendRequest)

Async:
    Async started = false
     Async result = null

Resolved Exception:
             Type = null

ModelAndView:
        View name = null
             View = null
            Model = null

FlashMap:
       Attributes = null

MockHttpServletResponse:
           Status = 200
    Error message = null
          Headers = [Vary:"Origin", "Access-Control-Request-Method", "Access-Control-Request-Headers", Content-Type:"application/json"]
     Content type = application/json
             Body = {"success":true,"message":"OK","data":[{"id":"226","name":"上海工人三次武装起义纪念地","category":"Category-9","tags":["Shanghai","中国共产党的创建","建党初期"],"score":0.17333333333333334,"history":"1926-1927年，上海工人阶级在中国共产党领导下连续举行三次武装起义，推翻了北洋军阀在上海的统治。","reason":"1926-1927年，上海工人阶级在中国共产党领导下连续举行三次武装起义，推翻了北洋军阀在上海的统治。","address":"上海市黄浦区陆家浜路","businessHours":"全天开放","perCapitaConsumption":0.0,"averageRating":null,"totalRatings":null,"heatScore":7},{"id":"228","name":"浦东开发开放展览馆","category":"Category-8","tags":["Shanghai","当代时期","改革开放"],"score":0.17333333333333334,"history":"1990年党中央决定开发开放浦东，30多年间从农田滩涂建成现代化新城，成为改革开放新标杆。","reason":"1990年党中央决定开发开放浦东，30多年间从农田滩涂建成现代化新城，成为改革开放新标杆。","address":"上海市浦东新区世纪大道","businessHours":"09:00-17:00","perCapitaConsumption":0.0,"averageRating":null,"totalRatings":null,"heatScore":7},{"id":"3","name":"南京长江大桥纪念馆","category":"Category-8","tags":["Shanghai","建国后建设","建国后时期"],"score":0.2,"history":"1960-1968年，中国自行设计建造南京长江大桥，是长江上第一座由中国自行设计和建造的双层式铁路、公路两用桥梁。","reason":"1960-1968年，中国自行设计建造南京长江大桥，是长江上第一座由中国自行设计和建造的双层式铁路、公路两用桥梁。","address":"江苏省南京市鼓楼区下关宝塔桥","businessHours":"08:30-17:00","perCapitaConsumption":1500.0,"averageRating":null,"totalRatings":null,"heatScore":null},{"id":"6","name":"两弹一星纪念馆","category":"Revolutionary Site","tags":["Shanghai","建国后建设","建国后时期"],"score":0.2,"history":"1960-1970年代，我国在极端困难的条件下成功研制原子弹、氢弹和人造卫星，极大提升了国际地位和国防实力。","reason":"1960-1970年代，我国在极端困难的条件下成功研制原子弹、氢弹和人造卫星，极大提升了国际地位和国防实力。","address":"北京市海淀区怀柔区雁栖镇","businessHours":"09:00-16:00（需预约）","perCapitaConsumption":30.0,"averageRating":null,"totalRatings":null,"heatScore":null},{"id":"7","name":"渡江战役纪念馆","category":"Revolutionary Site","tags":["Shanghai","解放战争","解放战争时期"],"score":0.2,"history":"1949年4月20日-6月2日，人民解放军百万大军发起渡江战役，突破长江天险，解放南京、上海等大城市，宣告国民党反动统治的覆灭。","reason":"1949年4月20日-6月2日，人民解放军百万大军发起渡江战役，突破长江天险，解放南京、上海等大城市，宣告国民党反动统治的覆灭。","address":"安徽省合肥市包河区云谷路299号","businessHours":"09:00-17:00（周一闭馆）","perCapitaConsumption":0.0,"averageRating":null,"totalRatings":null,"heatScore":null},{"id":"10","name":"哈达铺红军长征纪念馆","category":"Revolutionary Site","tags":["Shanghai","土地革命战争时期","红军长征"],"score":0.2,"history":"1935年9月，中央红军长征到达哈达铺，在此休整并得到了物资补充，毛泽东在这里作出了向陕北进军的决策。","reason":"1935年9月，中央红军长征到达哈达铺，在此休整并得到了物资补充，毛泽东在这里作出了向陕北进军的决策。","address":"甘肃省陇南市宕昌县哈达铺镇","businessHours":"08:30-17:30","perCapitaConsumption":0.0,"averageRating":null,"totalRatings":null,"heatScore":null},{"id":"15","name":"抗美援朝纪念馆","category":"Revolutionary Site","tags":["Shanghai","建国后建设","建国后时期"],"score":0.2,"history":"1950-1953年，中国人民志愿军抗美援朝，与朝鲜军民并肩作战，打败了以美国为首的联合国军，保卫了新中国的安全。","reason":"1950-1953年，中国人民志愿军抗美援朝，与朝鲜军民并肩作战，打败了以美国为首的联合国军，保卫了新中国的安全。","address":"辽宁省丹东市振兴区山上街7号","businessHours":"09:00-16:30","perCapitaConsumption":0.0,"averageRating":null,"totalRatings":null,"heatScore":null},{"id":"16","name":"赵一曼纪念馆","category":"Revolutionary Site","tags":["Shanghai","抗日战争","抗日战争时期"],"score":0.2,"history":"赵一曼是抗日女英雄，1936年在与日伪军作战中被俘，面对酷刑坚贞不屈，英勇就义，年仅31岁，展现了共产党员的钢铁意志。","reason":"赵一曼是抗日女英雄，1936年在与日伪军作战中被俘，面对酷刑坚贞不屈，英勇就义，年仅31岁，展现了共产党员的钢铁意志。","address":"四川省宜宾市翠屏区翠屏山","businessHours":"09:00-17:00","perCapitaConsumption":0.0,"averageRating":null,"totalRatings":null,"heatScore":null},{"id":"17","name":"广州农民运动讲习所旧址","category":"Memorial Hall","tags":["Shanghai","中国共产党的创建","建党初期"],"score":0.2,"history":"1924-1926年，毛泽东等共产党人在这里主办了六届农民运动讲习所，培养了大批农民运动骨干，为中国革命奠定了重要的群众基础。","reason":"1924-1926年，毛泽东等共产党人在这里主办了六届农民运动讲习所，培养了大批农民运动骨干，为中国革命奠定了重要的群众基础。","address":"广东省广州市越秀区中山四路42号","businessHours":"09:00-17:00（周一闭馆）","perCapitaConsumption":0.0,"averageRating":null,"totalRatings":null,"heatScore":null},{"id":"18","name":"铁人王进喜纪念馆","category":"Revolutionary Site","tags":["Shanghai","建国后建设","建国后时期"],"score":0.2,"history":"王进喜是大庆石油工人的杰出代表，'铁人精神'的化身，为我国石油工业发展作出了卓越贡献。","reason":"王进喜是大庆石油工人的杰出代表，'铁人精神'的化身，为我国石油工业发展作出了卓越贡献。","address":"黑龙江省大庆市让胡路区中原路2号","businessHours":"08:30-17:00（周一闭馆）","perCapitaConsumption":0.0,"averageRating":null,"totalRatings":null,"heatScore":null},{"id":"22","name":"邓稼先故居","category":"Patriotic Education Base","tags":["Shanghai","建国后建设","建国后时期"],"score":0.2,"history":"邓稼先是两弹元勋，为中国核武器研制作出卓越贡献，1950年代舍弃美国优厚条件回国，隐姓埋名28年。","reason":"邓稼先是两弹元勋，为中国核武器研制作出卓越贡献，1950年代舍弃美国优厚条件回国，隐姓埋名28年。","address":"安徽省安庆市宜秀区五横乡","businessHours":"09:00-17:00","perCapitaConsumption":0.0,"averageRating":null,"totalRatings":null,"heatScore":null},{"id":"26","name":"茅山新四军纪念馆","category":"Revolutionary Site","tags":["Shanghai","抗日战争","抗日战争时期"],"score":0.2,"history":"1938年夏，陈毅、粟裕率新四军第一、二支队挺进苏南敌后，建立茅山抗日根据地，是华中敌后抗战的重要基地。","reason":"1938年夏，陈毅、粟裕率新四军第一、二支队挺进苏南敌后，建立茅山抗日根据地，是华中敌后抗战的重要基地。","address":"江苏省镇江市句容市茅山镇","businessHours":"08:30-17:00","perCapitaConsumption":0.0,"averageRating":null,"totalRatings":null,"heatScore":null},{"id":"27","name":"莱芜战役纪念馆","category":"Revolutionary Site","tags":["Shanghai","解放战争","解放战争时期"],"score":0.2,"history":"1947年2月，华东野战军在莱芜地区歼灭国民党军5.6万余人，收复城市13座，粉碎了国民党军南北夹击的计划。","reason":"1947年2月，华东野战军在莱芜地区歼灭国民党军5.6万余人，收复城市13座，粉碎了国民党军南北夹击的计划。","address":"山东省济南市莱芜区英雄路17号","businessHours":"08:30-17:00","perCapitaConsumption":0.0,"averageRating":null,"totalRatings":null,"heatScore":null},{"id":"29","name":"老山界战斗遗址","category":"Martyr Cemetery","tags":["Shanghai","土地革命战争时期","红军长征"],"score":0.2,"history":"1934年12月，红军翻越长征途中第一座高山老山界，老山界是越城岭山脉的中段部分。","reason":"1934年12月，红军翻越长征途中第一座高山老山界，老山界是越城岭山脉的中段部分。","address":"广西壮族自治区桂林市兴安县","businessHours":"全天开放","perCapitaConsumption":0.0,"averageRating":null,"totalRatings":null,"heatScore":null},{"id":"30","name":"天津周恩来邓颖超纪念馆","category":"Revolutionary Site","tags":["Shanghai","中国共产党的创建","建党初期"],"score":0.2,"history":"周恩来、邓颖超是伟大的无产阶级革命家，为中国革命和建设事业奉献了毕生精力。纪念馆展示了他们从早期革命到建国后的光辉历程。","reason":"周恩来、邓颖超是伟大的无产阶级革命家，为中国革命和建设事业奉献了毕生精力。纪念馆展示了他们从早期革命到建国后的光辉历程。","address":"天津市南开区水上公园西路9号","businessHours":"09:00-16:30（周一闭馆）","perCapitaConsumption":0.0,"averageRating":null,"totalRatings":null,"heatScore":null},{"id":"32","name":"南京大屠杀纪念馆","category":"Revolutionary Site","tags":["Shanghai","抗日战争","抗日战争时期"],"score":0.2,"history":"1937年12月，侵华日军在南京制造了惨绝人寰的大屠杀，30万同胞惨遭杀害。纪念馆通过大量史实揭露日军暴行，警示后人勿忘国耻。","reason":"1937年12月，侵华日军在南京制造了惨绝人寰的大屠杀，30万同胞惨遭杀害。纪念馆通过大量史实揭露日军暴行，警示后人勿忘国耻。","address":"江苏省南京市建邺区水西门大街418号","businessHours":"08:30-16:30（周一闭馆）","perCapitaConsumption":0.0,"averageRating":null,"totalRatings":null,"heatScore":null},{"id":"33","name":"渡江胜利纪念碑","category":"Category-7","tags":["Shanghai","解放战争","解放战争时期"],"score":0.2,"history":"1949年4月23日，人民解放军第三野战军第35军进占南京，宣告国民党22年统治终结。","reason":"1949年4月23日，人民解放军第三野战军第35军进占南京，宣告国民党22年统治终结。","address":"江苏省南京市鼓楼区热河路广场","businessHours":"全天开放","perCapitaConsumption":0.0,"averageRating":null,"totalRatings":null,"heatScore":null},{"id":"36","name":"百团大战纪念馆","category":"Revolutionary Site","tags":["Shanghai","抗日战争","抗日战争时期"],"score":0.2,"history":"1940年8月-1941年1月，八路军在华北发动百团大战，破坏日伪交通线，摧毁日伪据点，沉重打击了日军的'囚笼政策'。","reason":"1940年8月-1941年1月，八路军在华北发动百团大战，破坏日伪交通线，摧毁日伪据点，沉重打击了日军的'囚笼政策'。","address":"山西省阳泉市狮脑山","businessHours":"09:00-17:00","perCapitaConsumption":0.0,"averageRating":null,"totalRatings":null,"heatScore":null},{"id":"37","name":"海南经济特区纪念馆","category":"Category-8","tags":["Shanghai","当代时期","改革开放"],"score":0.2,"history":"1988年设立海南经济特区，是中国最大的经济特区，2018年建设自由贸易试验区。","reason":"1988年设立海南经济特区，是中国最大的经济特区，2018年建设自由贸易试验区。","address":"海南省海口市龙华区","businessHours":"09:00-17:00","perCapitaConsumption":0.0,"averageRating":null,"totalRatings":null,"heatScore":null},{"id":"40","name":"宁都起义纪念馆","category":"Revolutionary Site","tags":["Shanghai","南昌起义与土地革命","土地革命战争时期"],"score":0.2,"history":"1931年12月，国民党第二十六路军1.7万余人在宁都起义，加入红军，编为红五军团。","reason":"1931年12月，国民党第二十六路军1.7万余人在宁都起义，加入红军，编为红五军团。","address":"江西省赣州市宁都县梅江镇","businessHours":"09:00-17:00","perCapitaConsumption":0.0,"averageRating":null,"totalRatings":null,"heatScore":null},{"id":"42","name":"大庆油田历史陈列馆","category":"Category-8","tags":["Shanghai","建国后建设","建国后时期"],"score":0.2,"history":"1959年发现大庆油田，1960年开展石油大会战，铁人王进喜等老一辈石油工人铸就了'大庆精神'和'铁人精神'。","reason":"1959年发现大庆油田，1960年开展石油大会战，铁人王进喜等老一辈石油工人铸就了'大庆精神'和'铁人精神'。","address":"黑龙江省大庆市萨尔图区中七路","businessHours":"08:30-17:00","perCapitaConsumption":0.0,"averageRating":null,"totalRatings":null,"heatScore":null},{"id":"48","name":"中山舰博物馆","category":"Category-8","tags":["Shanghai","中国共产党的创建","建党初期"],"score":0.2,"history":"中山舰见证了孙中山先生的革命历程和国共合作的历史，1925年孙中山逝世后，该舰被命名为中山舰以示纪念。","reason":"中山舰见证了孙中山先生的革命历程和国共合作的历史，1925年孙中山逝世后，该舰被命名为中山舰以示纪念。","address":"湖北省武汉市江夏区金口街","businessHours":"09:00-17:00（周一闭馆）","perCapitaConsumption":0.0,"averageRating":null,"totalRatings":null,"heatScore":null},{"id":"49","name":"孟良崮战役纪念馆","category":"Revolutionary Site","tags":["Shanghai","解放战争","解放战争时期"],"score":0.2,"history":"1947年5月，华东野战军在孟良崮战役中全歼国民党军整编74师，击毙中将师长张灵甫，粉碎了国民党军对山东的重点进攻。","reason":"1947年5月，华东野战军在孟良崮战役中全歼国民党军整编74师，击毙中将师长张灵甫，粉碎了国民党军对山东的重点进攻。","address":"山东省临沂市蒙阴县垛庄镇","businessHours":"08:30-17:00","perCapitaConsumption":0.0,"averageRating":null,"totalRatings":null,"heatScore":null},{"id":"57","name":"淮海战役纪念馆","category":"Revolutionary Site","tags":["Shanghai","解放战争","解放战争时期"],"score":0.2,"history":"1948年11月-1949年1月，华东、中原野战军在以徐州为中心的广大地区发起淮海战役，歼灭国民党军55万余人，为渡江作战创造了条件。","reason":"1948年11月-1949年1月，华东、中原野战军在以徐州为中心的广大地区发起淮海战役，歼灭国民党军55万余人，为渡江作战创造了条件。","address":"江苏省徐州市泉山区解放南路2号","businessHours":"09:00-17:00（周一闭馆）","perCapitaConsumption":0.0,"averageRating":null,"totalRatings":null,"heatScore":null},{"id":"58","name":"天安门广场","category":"Category-9","tags":["Shanghai","解放战争","解放战争时期"],"score":0.2,"history":"1949年10月1日，毛泽东主席在天安门城楼庄严宣告中华人民共和国成立，标志着新民主主义革命的基本胜利。","reason":"1949年10月1日，毛泽东主席在天安门城楼庄严宣告中华人民共和国成立，标志着新民主主义革命的基本胜利。","address":"北京市东城区天安门广场","businessHours":"05:00-22:00","perCapitaConsumption":0.0,"averageRating":null,"totalRatings":null,"heatScore":null},{"id":"59","name":"新四军江南指挥部纪念馆","category":"Revolutionary Site","tags":["Shanghai","抗日战争","抗日战争时期"],"score":0.2,"history":"1939年11月，新四军江南指挥部在此成立，陈毅、粟裕在此指挥了黄桥战役等重要战斗，开辟了苏南抗日根据地。","reason":"1939年11月，新四军江南指挥部在此成立，陈毅、粟裕在此指挥了黄桥战役等重要战斗，开辟了苏南抗日根据地。","address":"江苏省常州市溧阳市竹箦镇水西村","businessHours":"08:30-16:30","perCapitaConsumption":0.0,"averageRating":null,"totalRatings":null,"heatScore":null},{"id":"60","name":"重庆歌乐山烈士陵园","category":"Celebrity Residence","tags":["Shanghai","解放战争","解放战争时期"],"score":0.2,"history":"1949年11月27日，国民党特务在溃逃前夕，对关押在白公馆、渣滓洞的革命者进行大屠杀，300余人壮烈牺牲。","reason":"1949年11月27日，国民党特务在溃逃前夕，对关押在白公馆、渣滓洞的革命者进行大屠杀，300余人壮烈牺牲。","address":"重庆市沙坪坝区烈士墓政法村","businessHours":"09:00-17:00","perCapitaConsumption":0.0,"averageRating":null,"totalRatings":null,"heatScore":null},{"id":"61","name":"腊子口战役遗址","category":"Martyr Cemetery","tags":["Shanghai","土地革命战争时期","红军长征"],"score":0.2,"history":"1935年9月，红军在腊子口与国民党军激战，最终突破天险腊子口，为北上陕北打开了通道。","reason":"1935年9月，红军在腊子口与国民党军激战，最终突破天险腊子口，为北上陕北打开了通道。","address":"甘肃省甘南州迭部县腊子口镇","businessHours":"全天开放","perCapitaConsumption":0.0,"averageRating":null,"totalRatings":null,"heatScore":null},{"id":"62","name":"四渡赤水纪念馆","category":"Revolutionary Site","tags":["Shanghai","土地革命战争时期","红军长征"],"score":0.2,"history":"1935年1-5月，中央红军在毛泽东指挥下，四渡赤水河，巧妙穿插于国民党重兵集团之间，粉碎了蒋介石围歼红军于川黔滇边境的企图。","reason":"1935年1-5月，中央红军在毛泽东指挥下，四渡赤水河，巧妙穿插于国民党重兵集团之间，粉碎了蒋介石围歼红军于川黔滇边境的企图。","address":"贵州省遵义市习水县土城镇","businessHours":"09:00-17:00（周一闭馆）","perCapitaConsumption":0.0,"averageRating":null,"totalRatings":null,"heatScore":null},{"id":"63","name":"辽沈战役纪念馆","category":"Revolutionary Site","tags":["Shanghai","解放战争","解放战争时期"],"score":0.2,"history":"1948年9-11月，东北野战军发起辽沈战役，歼灭国民党军47万余人，解放东北全境，为解放全中国奠定基础。","reason":"1948年9-11月，东北野战军发起辽沈战役，歼灭国民党军47万余人，解放东北全境，为解放全中国奠定基础。","address":"辽宁省锦州市凌河区北京路五段1号","businessHours":"09:00-16:30（周一闭馆）","perCapitaConsumption":0.0,"averageRating":null,"totalRatings":null,"heatScore":null},{"id":"64","name":"两河口会议会址","category":"Memorial Hall","tags":["Shanghai","土地革命战争时期","红军长征"],"score":0.2,"history":"1935年6月26日，中共中央政治局在两河口召开会议，确定了红军北上的战略方针。","reason":"1935年6月26日，中共中央政治局在两河口召开会议，确定了红军北上的战略方针。","address":"四川省阿坝州小金县两河口镇","businessHours":"09:00-17:00","perCapitaConsumption":0.0,"averageRating":null,"totalRatings":null,"heatScore":null},{"id":"65","name":"湘江战役脚山铺阻击战遗址","category":"Martyr Cemetery","tags":["Shanghai","土地革命战争时期","红军长征"],"score":0.2,"history":"1934年11月底，红一军团在此与湘军激战，掩护中央纵队过江，是湘江战役关键战场。","reason":"1934年11月底，红一军团在此与湘军激战，掩护中央纵队过江，是湘江战役关键战场。","address":"广西壮族自治区桂林市全州县","businessHours":"全天开放","perCapitaConsumption":0.0,"averageRating":null,"totalRatings":null,"heatScore":null},{"id":"66","name":"香山革命纪念馆","category":"Revolutionary Site","tags":["Shanghai","解放战争","解放战争时期"],"score":0.2,"history":"1949年3月25日-9月21日，中共中央从西柏坡迁至香山，指挥了渡江战役，筹备了新政协，为新中国的成立作了充分准备。","reason":"1949年3月25日-9月21日，中共中央从西柏坡迁至香山，指挥了渡江战役，筹备了新政协，为新中国的成立作了充分准备。","address":"北京市海淀区买卖街40号","businessHours":"09:00-16:00（周一闭馆）","perCapitaConsumption":0.0,"averageRating":null,"totalRatings":null,"heatScore":null},{"id":"69","name":"飞夺泸定桥纪念馆","category":"Revolutionary Site","tags":["Shanghai","土地革命战争时期","红军长征"],"score":0.2,"history":"1935年5月29日，红军22名勇士冒着敌人火力，攀着铁索夺取泸定桥，粉碎了蒋介石围歼红军的企图。","reason":"1935年5月29日，红军22名勇士冒着敌人火力，攀着铁索夺取泸定桥，粉碎了蒋介石围歼红军的企图。","address":"四川省甘孜州泸定县泸桥镇","businessHours":"09:00-17:00","perCapitaConsumption":0.0,"averageRating":null,"totalRatings":null,"heatScore":null},{"id":"70","name":"中共五大会址纪念馆","category":"Memorial Hall","tags":["Shanghai","中国共产党的创建","建党初期"],"score":0.2,"history":"1927年4-5月，中共五大在此召开，批评了陈独秀的右倾错误，但未能提出有效对策。","reason":"1927年4-5月，中共五大在此召开，批评了陈独秀的右倾错误，但未能提出有效对策。","address":"湖北省武汉市武昌区都府堤路20号","businessHours":"09:00-17:00","perCapitaConsumption":0.0,"averageRating":null,"totalRatings":null,"heatScore":null},{"id":"73","name":"李大钊故居","category":"Patriotic Education Base","tags":["Shanghai","中国共产党的创建","建党初期"],"score":0.2,"history":"1889年李大钊在此诞生，是中国共产主义运动先驱，中国共产党主要创始人之一。","reason":"1889年李大钊在此诞生，是中国共产主义运动先驱，中国共产党主要创始人之一。","address":"河北省唐山市乐亭县大黑坨村","businessHours":"08:30-17:00","perCapitaConsumption":0.0,"averageRating":null,"totalRatings":null,"heatScore":null},{"id":"74","name":"平津战役纪念馆","category":"Revolutionary Site","tags":["Shanghai","解放战争","解放战争时期"],"score":0.2,"history":"1948年11月-1949年1月，东北野战军和华北军区部队发起平津战役，歼灭和改编国民党军52万余人，基本解放华北全境。","reason":"1948年11月-1949年1月，东北野战军和华北军区部队发起平津战役，歼灭和改编国民党军52万余人，基本解放华北全境。","address":"天津市红桥区平津道8号","businessHours":"09:00-16:30（周一闭馆）","perCapitaConsumption":0.0,"averageRating":null,"totalRatings":null,"heatScore":null},{"id":"75","name":"南昌八一起义纪念馆","category":"Revolutionary Site","tags":["Shanghai","南昌起义与土地革命","土地革命战争时期"],"score":0.2,"history":"1927年8月1日，周恩来、贺龙、叶挺、朱德、刘伯承等在此领导发动南昌起义，打响武装反抗第一枪。","reason":"1927年8月1日，周恩来、贺龙、叶挺、朱德、刘伯承等在此领导发动南昌起义，打响武装反抗第一枪。","address":"江西省南昌市中山路380号","businessHours":"09:00-17:00","perCapitaConsumption":0.0,"averageRating":null,"totalRatings":null,"heatScore":null},{"id":"76","name":"台儿庄大战纪念馆","category":"Revolutionary Site","tags":["Shanghai","抗日战争","抗日战争时期"],"score":0.2,"history":"1938年春的台儿庄战役是自抗战以来中国军队的重大胜利，歼敌万余人，极大鼓舞了全国军民的抗战信心。","reason":"1938年春的台儿庄战役是自抗战以来中国军队的重大胜利，歼敌万余人，极大鼓舞了全国军民的抗战信心。","address":"山东省枣庄市台儿庄区沿河南路","businessHours":"08:30-17:00","perCapitaConsumption":0.0,"averageRating":null,"totalRatings":null,"heatScore":null},{"id":"78","name":"雷锋纪念馆","category":"Revolutionary Site","tags":["Shanghai","建国后建设","建国后时期"],"score":0.2,"history":"雷锋1960年入伍，1962年因公殉职，年仅22岁。毛泽东题词'向雷锋同志学习'，雷锋精神成为社会主义道德楷模。","reason":"雷锋1960年入伍，1962年因公殉职，年仅22岁。毛泽东题词'向雷锋同志学习'，雷锋精神成为社会主义道德楷模。","address":"辽宁省抚顺市望花区雷锋路东段61号","businessHours":"09:00-16:00","perCapitaConsumption":0.0,"averageRating":null,"totalRatings":null,"heatScore":null},{"id":"79","name":"中国人民抗日战争纪念馆","category":"Revolutionary Site","tags":["Shanghai","抗日战争","抗日战争时期"],"score":0.2,"history":"1987年建成，展示1931-1945年中国人民抗日战争历史，是国家级抗战纪念设施。","reason":"1987年建成，展示1931-1945年中国人民抗日战争历史，是国家级抗战纪念设施。","address":"北京市丰台区卢沟桥畔宛平城内","businessHours":"09:00-16:30（周一闭馆）","perCapitaConsumption":0.0,"averageRating":null,"totalRatings":null,"heatScore":null},{"id":"80","name":"天津战役纪念馆","category":"Revolutionary Site","tags":["Shanghai","解放战争","解放战争时期"],"score":0.2,"history":"1949年1月，东北野战军29小时攻克天津，歼敌13万余人，创造了'天津方式'，促使北平和平解放。","reason":"1949年1月，东北野战军29小时攻克天津，歼敌13万余人，创造了'天津方式'，促使北平和平解放。","address":"天津市红桥区子牙河南路","businessHours":"09:00-16:30","perCapitaConsumption":0.0,"averageRating":null,"totalRatings":null,"heatScore":null},{"id":"82","name":"闽西革命历史博物馆","category":"Category-8","tags":["Shanghai","南昌起义与土地革命","土地革命战争时期"],"score":0.2,"history":"闽西是中央苏区重要组成部分，毛泽东在此创建革命根据地，诞生了红四军等重要武装力量。","reason":"闽西是中央苏区重要组成部分，毛泽东在此创建革命根据地，诞生了红四军等重要武装力量。","address":"福建省龙岩市新罗区北环西路","businessHours":"09:00-17:00","perCapitaConsumption":0.0,"averageRating":null,"totalRatings":null,"heatScore":null},{"id":"84","name":"太原解放纪念馆","category":"Revolutionary Site","tags":["Shanghai","解放战争","解放战争时期"],"score":0.2,"history":"1948年10月-1949年4月，太原战役历时6个月，歼敌13万余人，结束了阎锡山38年统治。","reason":"1948年10月-1949年4月，太原战役历时6个月，歼敌13万余人，结束了阎锡山38年统治。","address":"山西省太原市万柏林区和平南路","businessHours":"09:00-17:00","perCapitaConsumption":0.0,"averageRating":null,"totalRatings":null,"heatScore":null},{"id":"87","name":"狼牙山五勇士纪念馆","category":"Revolutionary Site","tags":["Shanghai","抗日战争","抗日战争时期"],"score":0.2,"history":"1941年9月，日军扫荡狼牙山，马宝玉等五名战士为掩护主力转移，将敌人引上绝路，弹尽粮绝后跳崖殉国，表现了崇高的民族气节。","reason":"1941年9月，日军扫荡狼牙山，马宝玉等五名战士为掩护主力转移，将敌人引上绝路，弹尽粮绝后跳崖殉国，表现了崇高的民族气节。","address":"河北省保定市易县狼牙山镇","businessHours":"08:00-17:00","perCapitaConsumption":0.0,"averageRating":null,"totalRatings":null,"heatScore":null},{"id":"90","name":"新保安战役遗址","category":"Martyr Cemetery","tags":["Shanghai","解放战争","解放战争时期"],"score":0.2,"history":"1948年12月，华北野战军在此全歼国民党军35军，军长郭景云自杀，为解放张家口、天津创造条件。","reason":"1948年12月，华北野战军在此全歼国民党军35军，军长郭景云自杀，为解放张家口、天津创造条件。","address":"河北省张家口市怀来县新保安镇","businessHours":"全天开放","perCapitaConsumption":0.0,"averageRating":null,"totalRatings":null,"heatScore":null},{"id":"91","name":"闽北革命历史纪念馆","category":"Category-8","tags":["Shanghai","南昌起义与土地革命","土地革命战争时期"],"score":0.2,"history":"闽北是福建最早建立党组织的地区之一，创建了闽北红军和革命根据地，坚持了三年游击战争。","reason":"闽北是福建最早建立党组织的地区之一，创建了闽北红军和革命根据地，坚持了三年游击战争。","address":"福建省南平市武夷山市列宁公园","businessHours":"09:00-17:00","perCapitaConsumption":0.0,"averageRating":null,"totalRatings":null,"heatScore":null},{"id":"92","name":"张自忠将军纪念馆","category":"Revolutionary Site","tags":["Shanghai","抗日战争","抗日战争时期"],"score":0.2,"history":"1940年5月，张自忠将军在枣宜会战中壮烈殉国，是抗战期间牺牲的国民党军最高将领，周恩来称其为'全国军人的楷模'。","reason":"1940年5月，张自忠将军在枣宜会战中壮烈殉国，是抗战期间牺牲的国民党军最高将领，周恩来称其为'全国军人的楷模'。","address":"湖北省襄阳市宜城市板桥店镇","businessHours":"08:30-17:00","perCapitaConsumption":0.0,"averageRating":null,"totalRatings":null,"heatScore":null},{"id":"95","name":"红二十五军长征出发地","category":"Category-9","tags":["Shanghai","南昌起义与土地革命","土地革命战争时期"],"score":0.2,"history":"1934年11月，红二十五军2980余人从罗山何家冲出发开始长征，是第一支到达陕北的红军队伍。","reason":"1934年11月，红二十五军2980余人从罗山何家冲出发开始长征，是第一支到达陕北的红军队伍。","address":"河南省信阳市罗山县铁铺镇","businessHours":"全天开放","perCapitaConsumption":0.0,"averageRating":null,"totalRatings":null,"heatScore":null},{"id":"96","name":"黄花岗七十二烈士墓园","category":"Celebrity Residence","tags":["Shanghai","抗日战争","抗日战争时期"],"score":0.2,"history":"1911年4月27日，孙中山领导的同盟会在广州发动起义，72名烈士壮烈牺牲，葬于黄花岗，是辛亥革命的重要历史见证。","reason":"1911年4月27日，孙中山领导的同盟会在广州发动起义，72名烈士壮烈牺牲，葬于黄花岗，是辛亥革命的重要历史见证。","address":"广东省广州市越秀区先烈中路79号","businessHours":"06:00-21:00","perCapitaConsumption":0.0,"averageRating":null,"totalRatings":null,"heatScore":null},{"id":"97","name":"苏中七战七捷纪念馆","category":"Revolutionary Site","tags":["Shanghai","解放战争","解放战争时期"],"score":0.2,"history":"1946年7-8月，粟裕指挥华中野战军在苏中地区连续七战七捷，歼敌5.3万余人，开创了解放战争初期大量歼敌范例。","reason":"1946年7-8月，粟裕指挥华中野战军在苏中地区连续七战七捷，歼敌5.3万余人，开创了解放战争初期大量歼敌范例。","address":"江苏省南通市海安市长江中路","businessHours":"08:30-17:00","perCapitaConsumption":0.0,"averageRating":null,"totalRatings":null,"heatScore":null},{"id":"98","name":"吴起镇革命旧址","category":"Category-9","tags":["Shanghai","土地革命战争时期","红军长征"],"score":0.2,"history":"1935年10月19日，中央红军到达陕北吴起镇，与陕北红军会师，标志着红一方面军长征胜利结束。","reason":"1935年10月19日，中央红军到达陕北吴起镇，与陕北红军会师，标志着红一方面军长征胜利结束。","address":"陕西省延安市吴起县吴起镇","businessHours":"08:30-17:30","perCapitaConsumption":0.0,"averageRating":null,"totalRatings":null,"heatScore":null},{"id":"103","name":"李兆麟将军纪念馆","category":"Revolutionary Site","tags":["Shanghai","抗日战争","抗日战争时期"],"score":0.2,"history":"李兆麟是东北抗联第三路军总指挥，1946年被国民党特务暗杀，留下《露营之歌》传世。","reason":"李兆麟是东北抗联第三路军总指挥，1946年被国民党特务暗杀，留下《露营之歌》传世。","address":"黑龙江省哈尔滨市道里区兆麟街88号","businessHours":"09:00-16:00","perCapitaConsumption":0.0,"averageRating":null,"totalRatings":null,"heatScore":null},{"id":"104","name":"八女投江纪念馆","category":"Revolutionary Site","tags":["Shanghai","抗日战争","抗日战争时期"],"score":0.2,"history":"1938年10月，东北抗联八名女战士为掩护部队突围，弹尽粮绝后毅然投入乌斯浑河，壮烈殉国，最大23岁，最小13岁。","reason":"1938年10月，东北抗联八名女战士为掩护部队突围，弹尽粮绝后毅然投入乌斯浑河，壮烈殉国，最大23岁，最小13岁。","address":"黑龙江省牡丹江市林口县刁翎镇","businessHours":"09:00-16:30","perCapitaConsumption":0.0,"averageRating":null,"totalRatings":null,"heatScore":null},{"id":"105","name":"巴西会议纪念馆","category":"Revolutionary Site","tags":["Shanghai","土地革命战争时期","红军长征"],"score":0.2,"history":"1935年9月，中共中央政治局在巴西召开紧急会议，批判了张国焘的分裂主义错误，坚持了北上的正确方针。","reason":"1935年9月，中共中央政治局在巴西召开紧急会议，批判了张国焘的分裂主义错误，坚持了北上的正确方针。","address":"四川省阿坝州若尔盖县巴西镇","businessHours":"09:00-17:00","perCapitaConsumption":0.0,"averageRating":null,"totalRatings":null,"heatScore":null},{"id":"107","name":"阳明堡战斗遗址","category":"Martyr Cemetery","tags":["Shanghai","抗日战争","抗日战争时期"],"score":0.2,"history":"1937年10月19日夜，八路军129师769团夜袭阳明堡机场，炸毁敌机24架，创造了步兵击毁飞机的战例。","reason":"1937年10月19日夜，八路军129师769团夜袭阳明堡机场，炸毁敌机24架，创造了步兵击毁飞机的战例。","address":"山西省忻州市代县阳明堡镇","businessHours":"全天开放","perCapitaConsumption":0.0,"averageRating":null,"totalRatings":null,"heatScore":null},{"id":"109","name":"雄安新区规划展示中心","category":"Category-9","tags":["Shanghai","当代时期","改革开放"],"score":0.2,"history":"2017年党中央决定设立雄安新区，是千年大计、国家大事，是京津冀协同发展的重要战略举措。","reason":"2017年党中央决定设立雄安新区，是千年大计、国家大事，是京津冀协同发展的重要战略举措。","address":"河北省保定市容城县奥威路","businessHours":"09:00-17:00（需预约）","perCapitaConsumption":0.0,"averageRating":null,"totalRatings":null,"heatScore":null},{"id":"110","name":"九一八历史博物馆","category":"Revolutionary Site","tags":["Shanghai","抗日战争","抗日战争时期"],"score":0.2,"history":"1931年9月18日，日本关东军制造柳条湖事件，炮轰北大营，侵占沈阳，开始了长达14年的侵华战争。","reason":"1931年9月18日，日本关东军制造柳条湖事件，炮轰北大营，侵占沈阳，开始了长达14年的侵华战争。","address":"辽宁省沈阳市大东区望花南街46号","businessHours":"09:00-17:00（周一闭馆）","perCapitaConsumption":0.0,"averageRating":null,"totalRatings":null,"heatScore":null},{"id":"112","name":"石家庄解放纪念馆","category":"Revolutionary Site","tags":["Shanghai","解放战争","解放战争时期"],"score":0.2,"history":"1947年11月，晋察冀野战军攻克石家庄，歼敌2.4万余人，开创了解放军夺取大城市的先例。","reason":"1947年11月，晋察冀野战军攻克石家庄，歼敌2.4万余人，开创了解放军夺取大城市的先例。","address":"河北省石家庄市桥西区解放广场","businessHours":"09:00-17:00","perCapitaConsumption":0.0,"averageRating":null,"totalRatings":null,"heatScore":null},{"id":"113","name":"台儿庄大战遗址公园","category":"Martyr Cemetery","tags":["Shanghai","抗日战争","抗日战争时期"],"score":0.2,"history":"1938年3-4月，中国军队在台儿庄与日军激战，歼敌万余人，是抗战以来正面战场最大胜利。","reason":"1938年3-4月，中国军队在台儿庄与日军激战，歼敌万余人，是抗战以来正面战场最大胜利。","address":"山东省枣庄市台儿庄区沿河南路","businessHours":"08:30-17:30","perCapitaConsumption":0.0,"averageRating":null,"totalRatings":null,"heatScore":null},{"id":"114","name":"包座战役遗址","category":"Martyr Cemetery","tags":["Shanghai","土地革命战争时期","红军长征"],"score":0.2,"history":"1935年8月，红军在包座歼灭国民党军49师，打开北上通道，粉碎了张国焘借口堵敌阻挠北上的阴谋。","reason":"1935年8月，红军在包座歼灭国民党军49师，打开北上通道，粉碎了张国焘借口堵敌阻挠北上的阴谋。","address":"四川省阿坝藏族羌族自治州若尔盖县包座乡","businessHours":"全天开放","perCapitaConsumption":0.0,"averageRating":null,"totalRatings":null,"heatScore":null},{"id":"116","name":"刘老庄八十二烈士陵园","category":"Celebrity Residence","tags":["Shanghai","抗日战争","抗日战争时期"],"score":0.2,"history":"1943年3月18日，新四军第三师七旅十九团四连82名战士在淮阴刘老庄战斗中全部壮烈牺牲，阻击了1600余名日伪军的进攻。","reason":"1943年3月18日，新四军第三师七旅十九团四连82名战士在淮阴刘老庄战斗中全部壮烈牺牲，阻击了1600余名日伪军的进攻。","address":"江苏省淮安市淮阴区刘老庄乡","businessHours":"全天开放","perCapitaConsumption":0.0,"averageRating":null,"totalRatings":null,"heatScore":null},{"id":"117","name":"衡宝战役纪念馆","category":"Revolutionary Site","tags":["Shanghai","解放战争","解放战争时期"],"score":0.2,"history":"1949年9-10月，第四野战军在此歼灭白崇禧集团主力4.7万余人，为解放华南、西南创造了条件。","reason":"1949年9-10月，第四野战军在此歼灭白崇禧集团主力4.7万余人，为解放华南、西南创造了条件。","address":"湖南省衡阳市祁东县黄土铺镇","businessHours":"08:30-17:30","perCapitaConsumption":0.0,"averageRating":null,"totalRatings":null,"heatScore":null},{"id":"118","name":"红军西征纪念馆","category":"Revolutionary Site","tags":["Shanghai","土地革命战争时期","红军长征"],"score":0.2,"history":"1936年5月，红军发起西征战役，迎接红二、四方面军北上，为三大主力会师创造条件。","reason":"1936年5月，红军发起西征战役，迎接红二、四方面军北上，为三大主力会师创造条件。","address":"宁夏回族自治区吴忠市同心县","businessHours":"09:00-17:00","perCapitaConsumption":0.0,"averageRating":null,"totalRatings":null,"heatScore":null},{"id":"120","name":"三湾改编旧址","category":"Memorial Hall","tags":["Shanghai","南昌起义与土地革命","土地革命战争时期"],"score":0.2,"history":"1927年9月，毛泽东在此进行了著名的三湾改编，确立了党对军队的绝对领导，建立了新型人民军队的重要原则。","reason":"1927年9月，毛泽东在此进行了著名的三湾改编，确立了党对军队的绝对领导，建立了新型人民军队的重要原则。","address":"江西省永新县三湾乡","businessHours":"08:30-17:00","perCapitaConsumption":0.0,"averageRating":null,"totalRatings":null,"heatScore":null},{"id":"123","name":"中共三大会址纪念馆","category":"Memorial Hall","tags":["Shanghai","中国共产党的创建","建党初期"],"score":0.2,"history":"1923年6月，中共三大在此召开，决定共产党员以个人身份加入国民党，实现第一次国共合作。","reason":"1923年6月，中共三大在此召开，决定共产党员以个人身份加入国民党，实现第一次国共合作。","address":"广东省广州市越秀区恤孤院路3号","businessHours":"09:00-17:30","perCapitaConsumption":0.0,"averageRating":null,"totalRatings":null,"heatScore":null},{"id":"124","name":"鄂豫皖苏区首府革命博物馆","category":"Category-8","tags":["Shanghai","南昌起义与土地革命","土地革命战争时期"],"score":0.2,"history":"鄂豫皖苏区是仅次于中央苏区的第二大革命根据地，诞生了红四方面军等多支主力红军。","reason":"鄂豫皖苏区是仅次于中央苏区的第二大革命根据地，诞生了红四方面军等多支主力红军。","address":"河南省信阳市新县首府路","businessHours":"08:30-17:00","perCapitaConsumption":0.0,"averageRating":null,"totalRatings":null,"heatScore":null},{"id":"127","name":"黄陂战役遗址","category":"Martyr Cemetery","tags":["Shanghai","南昌起义与土地革命","土地革命战争时期"],"score":0.2,"history":"1933年2月，红军在黄陂地区歼灭国民党军52师、59师，俘敌师长李明、陈时骥，取得第四次反'围剿'重大胜利。","reason":"1933年2月，红军在黄陂地区歼灭国民党军52师、59师，俘敌师长李明、陈时骥，取得第四次反'围剿'重大胜利。","address":"江西省抚州市宜黄县黄陂镇","businessHours":"全天开放","perCapitaConsumption":0.0,"averageRating":null,"totalRatings":null,"heatScore":null},{"id":"128","name":"沙家浜革命历史纪念馆","category":"Revolutionary Site","tags":["Shanghai","抗日战争","抗日战争时期"],"score":0.2,"history":"抗战时期，新四军36名伤病员在阳澄湖畔沙家浜养伤，在群众掩护下坚持斗争，京剧《沙家浜》据此改编。","reason":"抗战时期，新四军36名伤病员在阳澄湖畔沙家浜养伤，在群众掩护下坚持斗争，京剧《沙家浜》据此改编。","address":"江苏省苏州市常熟市沙家浜镇","businessHours":"08:00-17:00","perCapitaConsumption":0.0,"averageRating":null,"totalRatings":null,"heatScore":null},{"id":"129","name":"双清别墅","category":"Patriotic Education Base","tags":["Shanghai","解放战争","解放战争时期"],"score":0.2,"history":"1949年3月25日，毛泽东等中央领导人进驻香山，双清别墅成为毛泽东同志的居住地，是筹建新中国的历史见证地。","reason":"1949年3月25日，毛泽东等中央领导人进驻香山，双清别墅成为毛泽东同志的居住地，是筹建新中国的历史见证地。","address":"北京市海淀区香山公园内","businessHours":"06:00-18:00","perCapitaConsumption":15.0,"averageRating":null,"totalRatings":null,"heatScore":null},{"id":"130","name":"湘江战役新圩阻击战遗址","category":"Martyr Cemetery","tags":["Shanghai","土地革命战争时期","红军长征"],"score":0.2,"history":"1934年11月，红三军团在此阻击桂军，掩护中央纵队渡过湘江，战斗异常惨烈。","reason":"1934年11月，红三军团在此阻击桂军，掩护中央纵队渡过湘江，战斗异常惨烈。","address":"广西壮族自治区桂林市灌阳县","businessHours":"全天开放","perCapitaConsumption":0.0,"averageRating":null,"totalRatings":null,"heatScore":null},{"id":"131","name":"武汉抗战纪念园","category":"Category-9","tags":["Shanghai","抗日战争","抗日战争时期"],"score":0.2,"history":"1938年6-10月，中国军队与日军在武汉展开大规模会战，是抗战中时间最长、规模最广的战役。","reason":"1938年6-10月，中国军队与日军在武汉展开大规模会战，是抗战中时间最长、规模最广的战役。","address":"湖北省武汉市武昌区武珞路1号","businessHours":"09:00-17:00","perCapitaConsumption":0.0,"averageRating":null,"totalRatings":null,"heatScore":null},{"id":"132","name":"王杰纪念馆","category":"Revolutionary Site","tags":["Shanghai","建国后建设","建国后时期"],"score":0.2,"history":"1965年7月，王杰在民兵训练时为掩护12名民兵，扑向意外爆炸的炸药包，壮烈牺牲，被誉为'一不怕苦、二不怕死'的共产主义战士。","reason":"1965年7月，王杰在民兵训练时为掩护12名民兵，扑向意外爆炸的炸药包，壮烈牺牲，被誉为'一不怕苦、二不怕死'的共产主义战士。","address":"江苏省邳州市运河街道","businessHours":"09:00-17:00","perCapitaConsumption":0.0,"averageRating":null,"totalRatings":null,"heatScore":null},{"id":"133","name":"碾庄圩战斗纪念馆","category":"Martyr Cemetery","tags":["Shanghai","解放战争","解放战争时期"],"score":0.2,"history":"1948年11月，华东野战军在此全歼黄百韬兵团10万余人，淮海战役第一阶段取得胜利。","reason":"1948年11月，华东野战军在此全歼黄百韬兵团10万余人，淮海战役第一阶段取得胜利。","address":"江苏省徐州市邳州市碾庄镇","businessHours":"08:30-17:30","perCapitaConsumption":0.0,"averageRating":null,"totalRatings":null,"heatScore":null},{"id":"134","name":"小岗村大包干纪念馆","category":"Revolutionary Site","tags":["Shanghai","当代时期","改革开放"],"score":0.2,"history":"1978年冬，小岗村18户农民按下红手印，实行'大包干'，拉开了中国农村改革的序幕。","reason":"1978年冬，小岗村18户农民按下红手印，实行'大包干'，拉开了中国农村改革的序幕。","address":"安徽省滁州市凤阳县小溪河镇","businessHours":"08:00-18:00","perCapitaConsumption":500.0,"averageRating":null,"totalRatings":null,"heatScore":null},{"id":"135","name":"汕头经济特区纪念馆","category":"Category-8","tags":["Shanghai","当代时期","改革开放"],"score":0.2,"history":"1981年设立汕头经济特区，是粤东地区改革开放的重要窗口，侨乡特色明显。","reason":"1981年设立汕头经济特区，是粤东地区改革开放的重要窗口，侨乡特色明显。","address":"广东省汕头市龙湖区","businessHours":"09:00-17:00","perCapitaConsumption":0.0,"averageRating":null,"totalRatings":null,"heatScore":null},{"id":"136","name":"忻口战役遗址","category":"Martyr Cemetery","tags":["Shanghai","抗日战争","抗日战争时期"],"score":0.2,"history":"1937年10月，国共两党军队在忻口联合作战，歼敌2万余人，是华北抗战中规模最大、战斗最激烈的一役。","reason":"1937年10月，国共两党军队在忻口联合作战，歼敌2万余人，是华北抗战中规模最大、战斗最激烈的一役。","address":"山西省忻州市忻府区高城乡","businessHours":"全天开放","perCapitaConsumption":0.0,"averageRating":null,"totalRatings":null,"heatScore":null},{"id":"137","name":"杨靖宇将军殉国地","category":"Category-9","tags":["Shanghai","抗日战争","抗日战争时期"],"score":0.2,"history":"1940年2月23日，杨靖宇在濛江保安村三道崴子与日军战斗中壮烈牺牲，日军解剖其遗体发现胃中只有枯草、树皮和棉絮。","reason":"1940年2月23日，杨靖宇在濛江保安村三道崴子与日军战斗中壮烈牺牲，日军解剖其遗体发现胃中只有枯草、树皮和棉絮。","address":"吉林省白山市靖宇县三道崴子","businessHours":"全天开放","perCapitaConsumption":0.0,"averageRating":null,"totalRatings":null,"heatScore":null},{"id":"138","name":"济南战役纪念馆","category":"Revolutionary Site","tags":["Shanghai","解放战争","解放战争时期"],"score":0.2,"history":"1948年9月，华东野战军攻克济南，歼敌10万余人，活捉国民党第二绥靖区司令王耀武，揭开战略决战序幕。","reason":"1948年9月，华东野战军攻克济南，歼敌10万余人，活捉国民党第二绥靖区司令王耀武，揭开战略决战序幕。","address":"山东省济南市历城区英雄山路18号","businessHours":"09:00-17:00","perCapitaConsumption":0.0,"averageRating":null,"totalRatings":null,"heatScore":null},{"id":"141","name":"广昌保卫战遗址","category":"Martyr Cemetery","tags":["Shanghai","南昌起义与土地革命","土地革命战争时期"],"score":0.2,"history":"1934年4月，红军在广昌与国民党军展开阵地战，虽浴血奋战但因'左'倾错误指挥而失利，是长征前重要战役。","reason":"1934年4月，红军在广昌与国民党军展开阵地战，虽浴血奋战但因'左'倾错误指挥而失利，是长征前重要战役。","address":"江西省抚州市广昌县旴江镇","businessHours":"全天开放","perCapitaConsumption":0.0,"averageRating":null,"totalRatings":null,"heatScore":null},{"id":"143","name":"京汉铁路总工会旧址","category":"Memorial Hall","tags":["Shanghai","中国共产党的创建","建党初期"],"score":0.2,"history":"1923年2月，京汉铁路工人在此成立总工会，举行震惊中外的大罢工，虽遭血腥镇压，但显示了中国工人阶级的力量。","reason":"1923年2月，京汉铁路工人在此成立总工会，举行震惊中外的大罢工，虽遭血腥镇压，但显示了中国工人阶级的力量。","address":"河南省郑州市二七区钱塘路","businessHours":"09:00-17:00（周一闭馆）","perCapitaConsumption":0.0,"averageRating":null,"totalRatings":null,"heatScore":null},{"id":"144","name":"双堆集烈士陵园","category":"Celebrity Residence","tags":["Shanghai","解放战争","解放战争时期"],"score":0.2,"history":"1948年12月，中原野战军在此全歼黄维兵团12万余人，是淮海战役第二阶段决定性胜利。","reason":"1948年12月，中原野战军在此全歼黄维兵团12万余人，是淮海战役第二阶段决定性胜利。","address":"安徽省淮北市濉溪县双堆集镇","businessHours":"全天开放","perCapitaConsumption":0.0,"averageRating":null,"totalRatings":null,"heatScore":null},{"id":"145","name":"雨花台烈士陵园","category":"Celebrity Residence","tags":["Shanghai","解放战争","解放战争时期"],"score":0.2,"history":"1927-1949年，近10万共产党人和革命志士在雨花台英勇就义。1950年建园，是全国规模最大的纪念性陵园之一。","reason":"1927-1949年，近10万共产党人和革命志士在雨花台英勇就义。1950年建园，是全国规模最大的纪念性陵园之一。","address":"江苏省南京市雨花台区雨花路215号","businessHours":"08:00-17:00","perCapitaConsumption":0.0,"averageRating":null,"totalRatings":null,"heatScore":null},{"id":"147","name":"毛岸英纪念馆","category":"Revolutionary Site","tags":["Shanghai","建国后建设","建国后时期"],"score":0.2,"history":"毛岸英是毛泽东长子，1950年主动请缨参加抗美援朝，同年11月25日在美军轰炸中壮烈牺牲，年仅28岁。","reason":"毛岸英是毛泽东长子，1950年主动请缨参加抗美援朝，同年11月25日在美军轰炸中壮烈牺牲，年仅28岁。","address":"湖南省湘潭市韶山市韶山乡","businessHours":"08:00-17:30","perCapitaConsumption":0.0,"averageRating":null,"totalRatings":null,"heatScore":null},{"id":"148","name":"塔山阻击战纪念馆","category":"Revolutionary Site","tags":["Shanghai","解放战争","解放战争时期"],"score":0.2,"history":"1948年10月，东北野战军第四纵队在塔山地区阻击国民党援军，激战六昼夜，保证了锦州战役的胜利。","reason":"1948年10月，东北野战军第四纵队在塔山地区阻击国民党援军，激战六昼夜，保证了锦州战役的胜利。","address":"辽宁省葫芦岛市连山区塔山乡","businessHours":"09:00-16:30","perCapitaConsumption":0.0,"averageRating":null,"totalRatings":null,"heatScore":null},{"id":"149","name":"广州起义纪念馆","category":"Revolutionary Site","tags":["Shanghai","南昌起义与土地革命","土地革命战争时期"],"score":0.2,"history":"1927年12月11日，张太雷、叶挺、叶剑英等发动广州起义，建立广州苏维埃政府，是中国共产党在城市建立政权的首次尝试。","reason":"1927年12月11日，张太雷、叶挺、叶剑英等发动广州起义，建立广州苏维埃政府，是中国共产党在城市建立政权的首次尝试。","address":"广东省广州市越秀区起义路200号","businessHours":"09:00-12:00, 13:00-16:30","perCapitaConsumption":0.0,"averageRating":null,"totalRatings":null,"heatScore":null},{"id":"150","name":"遵义会议纪念馆","category":"Revolutionary Site","tags":["Shanghai","土地革命战争时期","红军长征"],"score":0.2,"history":"1935年1月，中共中央政治局在遵义召开扩大会议，确立了毛泽东在党和红军中的领导地位，挽救了党、挽救了红军、挽救了中国革命。","reason":"1935年1月，中共中央政治局在遵义召开扩大会议，确立了毛泽东在党和红军中的领导地位，挽救了党、挽救了红军、挽救了中国革命。","address":"贵州省遵义市红花岗区子尹路96号","businessHours":"08:30-17:00（周一闭馆）","perCapitaConsumption":0.0,"averageRating":null,"totalRatings":null,"heatScore":null},{"id":"151","name":"八一南昌起义纪念馆","category":"Revolutionary Site","tags":["Shanghai","南昌起义与土地革命","土地革命战争时期"],"score":0.2,"history":"1927年8月1日，周恩来、贺龙、叶挺、朱德、刘伯承等在此领导发动南昌起义，打响了武装反抗国民党反动派的第一枪。","reason":"1927年8月1日，周恩来、贺龙、叶挺、朱德、刘伯承等在此领导发动南昌起义，打响了武装反抗国民党反动派的第一枪。","address":"江西省南昌市东湖区中山路380号","businessHours":"09:00-17:00（周一闭馆）","perCapitaConsumption":0.0,"averageRating":null,"totalRatings":null,"heatScore":null},{"id":"152","name":"井冈山革命博物馆","category":"Category-8","tags":["Shanghai","南昌起义与土地革命","土地革命战争时期"],"score":0.2,"history":"井冈山是中国革命的摇篮，1927年毛泽东在此建立第一个农村革命根据地，点燃了中国革命的星星之火。","reason":"井冈山是中国革命的摇篮，1927年毛泽东在此建立第一个农村革命根据地，点燃了中国革命的星星之火。","address":"江西省井冈山市茨坪红军南路5号","businessHours":"08:30-17:00（周一闭馆）","perCapitaConsumption":0.0,"averageRating":null,"totalRatings":null,"heatScore":null},{"id":"153","name":"珠海经济特区纪念馆","category":"Category-8","tags":["Shanghai","当代时期","改革开放"],"score":0.2,"history":"1980年设立珠海经济特区，是中国最早的经济特区之一，在改革开放中走在前列。","reason":"1980年设立珠海经济特区，是中国最早的经济特区之一，在改革开放中走在前列。","address":"广东省珠海市香洲区","businessHours":"09:00-17:00","perCapitaConsumption":0.0,"averageRating":null,"totalRatings":null,"heatScore":null},{"id":"154","name":"榜罗镇会议会址","category":"Memorial Hall","tags":["Shanghai","土地革命战争时期","红军长征"],"score":0.2,"history":"1935年9月，中共中央政治局常委会议在此召开，最终决定落脚陕北，是长征路上的重要决策地。","reason":"1935年9月，中共中央政治局常委会议在此召开，最终决定落脚陕北，是长征路上的重要决策地。","address":"甘肃省定西市通渭县榜罗镇","businessHours":"08:30-17:30","perCapitaConsumption":0.0,"averageRating":null,"totalRatings":null,"heatScore":null},{"id":"155","name":"西柏坡纪念馆","category":"Revolutionary Site","tags":["Shanghai","解放战争","解放战争时期"],"score":0.2,"history":"1948年5月-1949年3月，中共中央移驻西柏坡，指挥了三大战役，召开了七届二中全会，描绘了新中国的蓝图。","reason":"1948年5月-1949年3月，中共中央移驻西柏坡，指挥了三大战役，召开了七届二中全会，描绘了新中国的蓝图。","address":"河北省石家庄市平山县西柏坡镇","businessHours":"08:30-17:30","perCapitaConsumption":0.0,"averageRating":null,"totalRatings":null,"heatScore":null},{"id":"157","name":"济南党史馆","category":"Revolutionary Site","tags":["Shanghai","中国共产党的创建","建党初期"],"score":0.2,"history":"展示1921-1927年山东党组织创建发展历程，王尽美、邓恩铭等革命先驱在此领导工人运动。","reason":"展示1921-1927年山东党组织创建发展历程，王尽美、邓恩铭等革命先驱在此领导工人运动。","address":"山东省济南市市中区经十路 Wickham","businessHours":"09:00-17:00","perCapitaConsumption":0.0,"averageRating":null,"totalRatings":null,"heatScore":null},{"id":"158","name":"毛尔盖会议会址","category":"Memorial Hall","tags":["Shanghai","土地革命战争时期","红军长征"],"score":0.2,"history":"1935年8月，中共中央政治局在此召开会议，重申北上战略方针，批判张国焘西进错误。","reason":"1935年8月，中共中央政治局在此召开会议，重申北上战略方针，批判张国焘西进错误。","address":"四川省阿坝藏族羌族自治州松潘县毛尔盖镇","businessHours":"全天开放","perCapitaConsumption":0.0,"averageRating":null,"totalRatings":null,"heatScore":null},{"id":"159","name":"娄山关红军战斗遗址","category":"Martyr Cemetery","tags":["Shanghai","土地革命战争时期","红军长征"],"score":0.2,"history":"1935年2月，红军在娄山关与国民党军激战，取得遵义会议后的第一个大胜仗，毛泽东写下《忆秦娥·娄山关》。","reason":"1935年2月，红军在娄山关与国民党军激战，取得遵义会议后的第一个大胜仗，毛泽东写下《忆秦娥·娄山关》。","address":"贵州省遵义市汇川区板桥镇","businessHours":"全天开放","perCapitaConsumption":0.0,"averageRating":null,"totalRatings":null,"heatScore":null},{"id":"161","name":"焦庄户地道战遗址纪念馆","category":"Revolutionary Site","tags":["Shanghai","抗日战争","抗日战争时期"],"score":0.2,"history":"1943-1948年，焦庄户人民利用地道与日军进行斗争，形成了能打能藏、可攻可守的'地下长城'，是人民战争的光辉典范。","reason":"1943-1948年，焦庄户人民利用地道与日军进行斗争，形成了能打能藏、可攻可守的'地下长城'，是人民战争的光辉典范。","address":"北京市顺义区龙湾屯镇焦庄户村","businessHours":"08:30-16:30","perCapitaConsumption":0.0,"averageRating":null,"totalRatings":null,"heatScore":null},{"id":"163","name":"瑞金中央革命根据地纪念馆","category":"Revolutionary Site","tags":["Shanghai","南昌起义与土地革命","土地革命战争时期"],"score":0.2,"history":"瑞金是中央革命根据地中心和中华苏维埃共和国首都，被称为'共和国的摇篮'。","reason":"瑞金是中央革命根据地中心和中华苏维埃共和国首都，被称为'共和国的摇篮'。","address":"江西省瑞金市象湖镇","businessHours":"08:30-17:30","perCapitaConsumption":0.0,"averageRating":null,"totalRatings":null,"heatScore":null},{"id":"164","name":"长汀革命旧址群","category":"Category-6","tags":["Shanghai","南昌起义与土地革命","土地革命战争时期"],"score":0.2,"history":"长汀是中央苏区的经济文化中心，被誉为'红色小上海'，中华苏维埃福建省苏维埃政府设于此。","reason":"长汀是中央苏区的经济文化中心，被誉为'红色小上海'，中华苏维埃福建省苏维埃政府设于此。","address":"福建省龙岩市长汀县汀州镇","businessHours":"08:30-17:30","perCapitaConsumption":0.0,"averageRating":null,"totalRatings":null,"heatScore":null},{"id":"165","name":"湘赣革命纪念馆","category":"Category-8","tags":["Shanghai","南昌起义与土地革命","土地革命战争时期"],"score":0.2,"history":"湘赣革命根据地是中央苏区重要屏障，任弼时、萧克等在此领导斗争，有力地配合了中央苏区反'围剿'。","reason":"湘赣革命根据地是中央苏区重要屏障，任弼时、萧克等在此领导斗争，有力地配合了中央苏区反'围剿'。","address":"江西省吉安市永新县禾川镇","businessHours":"08:30-17:30","perCapitaConsumption":0.0,"averageRating":null,"totalRatings":null,"heatScore":null},{"id":"166","name":"谷文昌纪念馆","category":"Revolutionary Site","tags":["Shanghai","建国后建设","建国后时期"],"score":0.2,"history":"谷文昌1950年代任东山县委书记，带领群众植树造林、治理风沙，把荒岛变为绿洲，'先祭谷公，后祭祖宗'成为当地习俗。","reason":"谷文昌1950年代任东山县委书记，带领群众植树造林、治理风沙，把荒岛变为绿洲，'先祭谷公，后祭祖宗'成为当地习俗。","address":"福建省漳州市东山县赤山林场","businessHours":"08:30-17:30","perCapitaConsumption":0.0,"averageRating":null,"totalRatings":null,"heatScore":null},{"id":"167","name":"孔繁森同志纪念馆","category":"Revolutionary Site","tags":["Shanghai","建国后建设","建国后时期"],"score":0.2,"history":"孔繁森两次进藏工作，1994年因公殉职，被誉为'领导干部的楷模'，展现了党员干部的无私奉献精神。","reason":"孔繁森两次进藏工作，1994年因公殉职，被誉为'领导干部的楷模'，展现了党员干部的无私奉献精神。","address":"山东省聊城市东昌府区繁森路1号","businessHours":"08:30-17:30","perCapitaConsumption":0.0,"averageRating":null,"totalRatings":null,"heatScore":null},{"id":"168","name":"红安黄麻起义纪念馆","category":"Revolutionary Site","tags":["Shanghai","南昌起义与土地革命","土地革命战争时期"],"score":0.2,"history":"1927年11月，黄麻起义爆发，建立了黄安县农民政府和中国工农革命军鄂东军，是鄂豫皖苏区重要源头。","reason":"1927年11月，黄麻起义爆发，建立了黄安县农民政府和中国工农革命军鄂东军，是鄂豫皖苏区重要源头。","address":"湖北省黄冈市红安县城关镇","businessHours":"08:30-17:00","perCapitaConsumption":0.0,"averageRating":null,"totalRatings":null,"heatScore":null},{"id":"170","name":"兰考焦裕禄纪念园","category":"Revolutionary Site","tags":["Shanghai","建国后建设","建国后时期"],"score":0.2,"history":"焦裕禄1962年担任兰考县委书记，带领全县人民治理风沙、盐碱、内涝，直至1964年病逝，被誉为'县委书记的榜样'。","reason":"焦裕禄1962年担任兰考县委书记，带领全县人民治理风沙、盐碱、内涝，直至1964年病逝，被誉为'县委书记的榜样'。","address":"河南省开封市兰考县裕禄大道","businessHours":"08:30-17:30","perCapitaConsumption":0.0,"averageRating":null,"totalRatings":null,"heatScore":null},{"id":"171","name":"红旗渠纪念馆","category":"Revolutionary Site","tags":["Shanghai","建国后建设","建国后时期"],"score":0.2,"history":"1960-1969年，林县人民在太行山悬崖峭壁上修建了长达1500公里的红旗渠，解决了缺水问题，铸就了'自力更生、艰苦创业'的红旗渠精神。","reason":"1960-1969年，林县人民在太行山悬崖峭壁上修建了长达1500公里的红旗渠，解决了缺水问题，铸就了'自力更生、艰苦创业'的红旗渠精神。","address":"河南省安阳市林州市红旗渠大道","businessHours":"08:00-18:00","perCapitaConsumption":800.0,"averageRating":null,"totalRatings":null,"heatScore":null},{"id":"173","name":"洪湖湘鄂西革命根据地","category":"Category-6","tags":["Shanghai","南昌起义与土地革命","土地革命战争时期"],"score":0.2,"history":"1930-1932年，贺龙、周逸群在此创建湘鄂西革命根据地，是红军三大主力之一红二军团诞生地。","reason":"1930-1932年，贺龙、周逸群在此创建湘鄂西革命根据地，是红军三大主力之一红二军团诞生地。","address":"湖北省荆州市洪湖市瞿家湾镇","businessHours":"08:00-17:30","perCapitaConsumption":0.0,"averageRating":null,"totalRatings":null,"heatScore":null},{"id":"174","name":"新四军军部旧址","category":"Memorial Hall","tags":["Shanghai","抗日战争","抗日战争时期"],"score":0.2,"history":"1938-1941年，新四军军部驻此，指挥华中抗日游击战争。1941年1月，皖南事变爆发，新四军遭受重大损失。","reason":"1938-1941年，新四军军部驻此，指挥华中抗日游击战争。1941年1月，皖南事变爆发，新四军遭受重大损失。","address":"安徽省宣城市泾县云岭乡","businessHours":"08:30-17:00","perCapitaConsumption":0.0,"averageRating":null,"totalRatings":null,"heatScore":null},{"id":"175","name":"南湖革命纪念馆","category":"Revolutionary Site","tags":["Shanghai","中国共产党的创建","建党初期"],"score":0.2,"history":"1921年7月，中共一大因法租界巡捕袭扰，从上海转移到嘉兴南湖的一艘画舫上继续举行并胜利闭幕，庄严宣告了中国共产党的诞生。","reason":"1921年7月，中共一大因法租界巡捕袭扰，从上海转移到嘉兴南湖的一艘画舫上继续举行并胜利闭幕，庄严宣告了中国共产党的诞生。","address":"浙江省嘉兴市南湖区烟雨路1号","businessHours":"08:30-17:00（周一闭馆）","perCapitaConsumption":0.0,"averageRating":null,"totalRatings":null,"heatScore":null},{"id":"176","name":"叶坪革命旧址群","category":"Category-6","tags":["Shanghai","南昌起义与土地革命","土地革命战争时期"],"score":0.2,"history":"1931年11月，中华苏维埃第一次全国代表大会在此召开，宣告中华苏维埃共和国临时中央政府成立。","reason":"1931年11月，中华苏维埃第一次全国代表大会在此召开，宣告中华苏维埃共和国临时中央政府成立。","address":"江西省瑞金市叶坪乡叶坪村","businessHours":"08:30-17:30","perCapitaConsumption":0.0,"averageRating":null,"totalRatings":null,"heatScore":null},{"id":"179","name":"才溪乡调查纪念馆","category":"Revolutionary Site","tags":["Shanghai","南昌起义与土地革命","土地革命战争时期"],"score":0.2,"history":"1933年11月，毛泽东在此进行深入社会调查，写下《才溪乡调查》，树立了深入群众、调查研究的典范。","reason":"1933年11月，毛泽东在此进行深入社会调查，写下《才溪乡调查》，树立了深入群众、调查研究的典范。","address":"福建省龙岩市上杭县才溪镇","businessHours":"08:30-17:30","perCapitaConsumption":0.0,"averageRating":null,"totalRatings":null,"heatScore":null},{"id":"180","name":"赵一曼烈士纪念馆","category":"Revolutionary Site","tags":["Shanghai","抗日战争","抗日战争时期"],"score":0.2,"history":"赵一曼是东北抗日联军第三军二团政委，1936年8月英勇就义，年仅31岁，留下'未惜头颅新故国，甘将热血沃中华'的豪迈诗句。","reason":"赵一曼是东北抗日联军第三军二团政委，1936年8月英勇就义，年仅31岁，留下'未惜头颅新故国，甘将热血沃中华'的豪迈诗句。","address":"四川省宜宾市翠屏山翠屏书院","businessHours":"09:00-17:00","perCapitaConsumption":0.0,"averageRating":null,"totalRatings":null,"heatScore":null},{"id":"181","name":"红军长征胜利景园","category":"Category-9","tags":["Shanghai","土地革命战争时期","红军长征"],"score":0.2,"history":"以会宁红军长征胜利会师旧址为核心，全面展示红军长征历史和胜利会师的伟大意义。","reason":"以会宁红军长征胜利会师旧址为核心，全面展示红军长征历史和胜利会师的伟大意义。","address":"甘肃省白银市会宁县枝阳街","businessHours":"08:00-18:00","perCapitaConsumption":0.0,"averageRating":null,"totalRatings":null,"heatScore":null},{"id":"182","name":"平型关大捷纪念馆","category":"Revolutionary Site","tags":["Shanghai","抗日战争","抗日战争时期"],"score":0.2,"history":"1937年9月25日，八路军115师在平型关伏击日军，歼敌1000余人，击毁汽车100余辆，取得了全国抗战以来的第一个大胜利。","reason":"1937年9月25日，八路军115师在平型关伏击日军，歼敌1000余人，击毁汽车100余辆，取得了全国抗战以来的第一个大胜利。","address":"山西省忻州市繁峙县平型关村","businessHours":"08:30-17:00","perCapitaConsumption":0.0,"averageRating":null,"totalRatings":null,"heatScore":null},{"id":"183","name":"两弹城景区","category":"Category-9","tags":["Shanghai","建国后建设","建国后时期"],"score":0.2,"history":"1960年代，邓稼先等科学家在此研制核武器，成功研制出中国第一颗原子弹和氢弹，铸就了伟大的两弹一星精神。","reason":"1960年代，邓稼先等科学家在此研制核武器，成功研制出中国第一颗原子弹和氢弹，铸就了伟大的两弹一星精神。","address":"四川省绵阳市梓潼县文昌镇","businessHours":"09:00-17:00","perCapitaConsumption":4000.0,"averageRating":null,"totalRatings":null,"heatScore":null},{"id":"184","name":"古田会议纪念馆","category":"Revolutionary Site","tags":["Shanghai","南昌起义与土地革命","土地革命战争时期"],"score":0.2,"history":"1929年12月，红四军在此召开第九次党代会，确立了思想建党、政治建军的根本原则。","reason":"1929年12月，红四军在此召开第九次党代会，确立了思想建党、政治建军的根本原则。","address":"福建省龙岩市上杭县古田镇","businessHours":"08:00-17:30","perCapitaConsumption":0.0,"averageRating":null,"totalRatings":null,"heatScore":null},{"id":"185","name":"七亘村战斗遗址","category":"Martyr Cemetery","tags":["Shanghai","抗日战争","抗日战争时期"],"score":0.2,"history":"1937年10月，刘伯承指挥386旅在七亘村三天内两次设伏，歼敌400余人，创造重叠设伏典范。","reason":"1937年10月，刘伯承指挥386旅在七亘村三天内两次设伏，歼敌400余人，创造重叠设伏典范。","address":"山西省阳泉市平定县东回镇","businessHours":"全天开放","perCapitaConsumption":0.0,"averageRating":null,"totalRatings":null,"heatScore":null},{"id":"189","name":"皖南事变烈士陵园","category":"Celebrity Residence","tags":["Shanghai","抗日战争","抗日战争时期"],"score":0.2,"history":"1941年1月，皖南新四军9000余人在泾县茂林地区被国民党军8万余人包围，血战七昼夜，3000余人突出重围，4000余人被俘或失散，3000余人壮烈牺牲。","reason":"1941年1月，皖南新四军9000余人在泾县茂林地区被国民党军8万余人包围，血战七昼夜，3000余人突出重围，4000余人被俘或失散，3000余人壮烈牺牲。","address":"安徽省宣城市泾县水西山路","businessHours":"全天开放","perCapitaConsumption":0.0,"averageRating":null,"totalRatings":null,"heatScore":null},{"id":"190","name":"东北抗联博物馆","category":"Category-8","tags":["Shanghai","抗日战争","抗日战争时期"],"score":0.2,"history":"1931-1945年，东北抗日联军在白山黑水间坚持抗战14年，牵制日军76万，歼敌18万。","reason":"1931-1945年，东北抗日联军在白山黑水间坚持抗战14年，牵制日军76万，歼敌18万。","address":"黑龙江省哈尔滨市南岗区一曼街243号","businessHours":"09:00-16:00（周一闭馆）","perCapitaConsumption":0.0,"averageRating":null,"totalRatings":null,"heatScore":null},{"id":"191","name":"安源路矿工人运动纪念馆","category":"Revolutionary Site","tags":["Shanghai","中国共产党的创建","建党初期"],"score":0.2,"history":"1922年，毛泽东、李立三、刘少奇等在此领导了安源路矿工人大罢工，这是中国共产党第一次独立领导并取得完全胜利的工人斗争。","reason":"1922年，毛泽东、李立三、刘少奇等在此领导了安源路矿工人大罢工，这是中国共产党第一次独立领导并取得完全胜利的工人斗争。","address":"江西省萍乡市安源区安源镇","businessHours":"09:00-16:30（周一闭馆）","perCapitaConsumption":0.0,"averageRating":null,"totalRatings":null,"heatScore":null},{"id":"199","name":"沙洲坝革命旧址群","category":"Category-6","tags":["Shanghai","南昌起义与土地革命","土地革命战争时期"],"score":0.2,"history":"1933-1934年，中华苏维埃共和国中央执行委员会驻此，毛泽东曾在此办公居住。","reason":"1933-1934年，中华苏维埃共和国中央执行委员会驻此，毛泽东曾在此办公居住。","address":"江西省瑞金市沙洲坝镇","businessHours":"08:30-17:30","perCapitaConsumption":0.0,"averageRating":null,"totalRatings":null,"heatScore":null},{"id":"200","name":"新四军军部旧址陈列馆","category":"Memorial Hall","tags":["Shanghai","抗日战争","抗日战争时期"],"score":0.2,"history":"1938-1941年，新四军军部驻云岭近三年，指挥新四军在大江南北开展抗日游击战争，发展壮大了华中抗日力量。","reason":"1938-1941年，新四军军部驻云岭近三年，指挥新四军在大江南北开展抗日游击战争，发展壮大了华中抗日力量。","address":"安徽省宣城市泾县云岭乡罗里村","businessHours":"08:30-17:00","perCapitaConsumption":0.0,"averageRating":null,"totalRatings":null,"heatScore":null},{"id":"202","name":"深圳改革开放展览馆","category":"Category-8","tags":["Shanghai","当代时期","改革开放"],"score":0.2,"history":"1979年，深圳成为经济特区，作为改革开放的窗口，创造了世界工业化、城市化、现代化史上的奇迹。","reason":"1979年，深圳成为经济特区，作为改革开放的窗口，创造了世界工业化、城市化、现代化史上的奇迹。","address":"广东省深圳市福田区福中路184号","businessHours":"10:00-18:00（周一闭馆）","perCapitaConsumption":0.0,"averageRating":null,"totalRatings":null,"heatScore":null},{"id":"203","name":"钱学森故居","category":"Patriotic Education Base","tags":["Shanghai","建国后建设","建国后时期"],"score":0.2,"history":"钱学森是空气动力学家，1955年冲破阻挠回国，为中国导弹、航天事业奠基，被誉为'中国航天之父'。","reason":"钱学森是空气动力学家，1955年冲破阻挠回国，为中国导弹、航天事业奠基，被誉为'中国航天之父'。","address":"浙江省杭州市上城区马市街","businessHours":"09:00-17:00","perCapitaConsumption":0.0,"averageRating":null,"totalRatings":null,"heatScore":null},{"id":"204","name":"港珠澳大桥管理局展览馆","category":"Category-8","tags":["Shanghai","当代时期","改革开放"],"score":0.2,"history":"2018年港珠澳大桥通车，是世界上最长的跨海大桥，被誉为'新世界七大奇迹'之一。","reason":"2018年港珠澳大桥通车，是世界上最长的跨海大桥，被誉为'新世界七大奇迹'之一。","address":"广东省珠海市香洲区南湾南路","businessHours":"09:00-17:00","perCapitaConsumption":500.0,"averageRating":null,"totalRatings":null,"heatScore":null},{"id":"207","name":"黎平会议会址","category":"Memorial Hall","tags":["Shanghai","土地革命战争时期","红军长征"],"score":0.2,"history":"1934年12月18日，中共中央政治局在黎平召开会议，肯定了毛泽东的正确主张，为遵义会议的召开奠定了基础。","reason":"1934年12月18日，中共中央政治局在黎平召开会议，肯定了毛泽东的正确主张，为遵义会议的召开奠定了基础。","address":"贵州省黔东南州黎平县德凤镇","businessHours":"08:30-17:00","perCapitaConsumption":0.0,"averageRating":null,"totalRatings":null,"heatScore":null},{"id":"209","name":"抗日山烈士陵园","category":"Celebrity Residence","tags":["Shanghai","抗日战争","抗日战争时期"],"score":0.2,"history":"1941-1944年，滨海抗日军民为悼念抗日先烈而建，安葬着1800余名烈士，是中国唯一一座抗日山。","reason":"1941-1944年，滨海抗日军民为悼念抗日先烈而建，安葬着1800余名烈士，是中国唯一一座抗日山。","address":"江苏省连云港市赣榆区班庄镇","businessHours":"08:00-17:30","perCapitaConsumption":0.0,"averageRating":null,"totalRatings":null,"heatScore":null},{"id":"210","name":"红军翻越夹金山纪念馆","category":"Revolutionary Site","tags":["Shanghai","土地革命战争时期","红军长征"],"score":0.2,"history":"1935年6月，中央红军翻越海拔4000多米的夹金山，这是红军长征中翻越的第一座大雪山。","reason":"1935年6月，中央红军翻越海拔4000多米的夹金山，这是红军长征中翻越的第一座大雪山。","address":"四川省雅安市宝兴县硗碛藏族乡","businessHours":"09:00-17:00","perCapitaConsumption":0.0,"averageRating":null,"totalRatings":null,"heatScore":null},{"id":"211","name":"武汉二七纪念馆","category":"Revolutionary Site","tags":["Shanghai","中国共产党的创建","建党初期"],"score":0.2,"history":"1923年2月，京汉铁路工人在武汉举行大罢工，遭血腥镇压，52名工人牺牲，是为二七大罢工。","reason":"1923年2月，京汉铁路工人在武汉举行大罢工，遭血腥镇压，52名工人牺牲，是为二七大罢工。","address":"湖北省武汉市江岸区解放大道2499号","businessHours":"08:30-17:00","perCapitaConsumption":0.0,"averageRating":null,"totalRatings":null,"heatScore":null},{"id":"212","name":"戴安澜将军纪念馆","category":"Revolutionary Site","tags":["Shanghai","抗日战争","抗日战争时期"],"score":0.2,"history":"1942年3月，戴安澜率中国远征军200师在缅甸同古战役中重创日军，5月殉国，年仅38岁。","reason":"1942年3月，戴安澜率中国远征军200师在缅甸同古战役中重创日军，5月殉国，年仅38岁。","address":"安徽省芜湖市无为县洪巷乡","businessHours":"09:00-17:00","perCapitaConsumption":0.0,"averageRating":null,"totalRatings":null,"heatScore":null},{"id":"213","name":"红军长征过草地纪念碑","category":"Category-7","tags":["Shanghai","土地革命战争时期","红军长征"],"score":0.2,"history":"1935年8月，红军穿越面积约500万公顷的松潘草地，经历了长征途中最艰苦的行军。","reason":"1935年8月，红军穿越面积约500万公顷的松潘草地，经历了长征途中最艰苦的行军。","address":"四川省阿坝藏族羌族自治州若尔盖县","businessHours":"全天开放","perCapitaConsumption":0.0,"averageRating":null,"totalRatings":null,"heatScore":null},{"id":"214","name":"黄花塘新四军军部旧址","category":"Memorial Hall","tags":["Shanghai","抗日战争","抗日战争时期"],"score":0.2,"history":"1943年1月-1945年9月，新四军军部移驻黄花塘，在此指挥抗日斗争直至抗战胜利。","reason":"1943年1月-1945年9月，新四军军部移驻黄花塘，在此指挥抗日斗争直至抗战胜利。","address":"江苏省淮安市盱眙县黄花塘镇","businessHours":"08:30-17:30","perCapitaConsumption":0.0,"averageRating":null,"totalRatings":null,"heatScore":null},{"id":"215","name":"铁道游击队纪念馆","category":"Revolutionary Site","tags":["Shanghai","抗日战争","抗日战争时期"],"score":0.2,"history":"1938-1945年，铁道游击队在枣庄一带破坏日军铁路交通，截断日军补给线，有力配合主力作战。","reason":"1938-1945年，铁道游击队在枣庄一带破坏日军铁路交通，截断日军补给线，有力配合主力作战。","address":"山东省枣庄市薛城区临山路","businessHours":"09:00-17:00","perCapitaConsumption":0.0,"averageRating":null,"totalRatings":null,"heatScore":null},{"id":"216","name":"陈官庄烈士陵园","category":"Celebrity Residence","tags":["Shanghai","解放战争","解放战争时期"],"score":0.2,"history":"1948年12月-1949年1月，华东野战军在此全歼杜聿明集团，俘敌17万余人，淮海战役胜利结束。","reason":"1948年12月-1949年1月，华东野战军在此全歼杜聿明集团，俘敌17万余人，淮海战役胜利结束。","address":"河南省商丘市永城市陈官庄乡","businessHours":"全天开放","perCapitaConsumption":0.0,"averageRating":null,"totalRatings":null,"heatScore":null},{"id":"217","name":"红军突破第三道封锁线旧址","category":"Martyr Cemetery","tags":["Shanghai","土地革命战争时期","红军长征"],"score":0.2,"history":"1934年11月，红军在宜章突破国民党军第三道封锁线，为继续西进创造了条件。","reason":"1934年11月，红军在宜章突破国民党军第三道封锁线，为继续西进创造了条件。","address":"湖南省郴州市宜章县","businessHours":"全天开放","perCapitaConsumption":0.0,"averageRating":null,"totalRatings":null,"heatScore":null},{"id":"218","name":"寻乌调查纪念馆","category":"Revolutionary Site","tags":["Shanghai","南昌起义与土地革命","土地革命战争时期"],"score":0.2,"history":"1930年5月，毛泽东在此进行深入社会调查，写下《寻乌调查》和《反对本本主义》，提出'没有调查就没有发言权'。","reason":"1930年5月，毛泽东在此进行深入社会调查，写下《寻乌调查》和《反对本本主义》，提出'没有调查就没有发言权'。","address":"江西省赣州市寻乌县长宁镇","businessHours":"08:30-17:30","perCapitaConsumption":0.0,"averageRating":null,"totalRatings":null,"heatScore":null},{"id":"219","name":"车桥战役纪念馆","category":"Revolutionary Site","tags":["Shanghai","抗日战争","抗日战争时期"],"score":0.2,"history":"1944年3月，新四军第一师发起车桥战役，歼灭日军465人、伪军483人，是华中敌后战场一次重要战役。","reason":"1944年3月，新四军第一师发起车桥战役，歼灭日军465人、伪军483人，是华中敌后战场一次重要战役。","address":"江苏省淮安市淮安区车桥镇","businessHours":"09:00-17:00","perCapitaConsumption":0.0,"averageRating":null,"totalRatings":null,"heatScore":null},{"id":"224","name":"将台堡红军长征会师纪念园","category":"Category-9","tags":["Shanghai","土地革命战争时期","红军长征"],"score":0.2,"history":"1936年10月22日，红一、二方面军在将台堡会师，是红军长征最后一次会师。","reason":"1936年10月22日，红一、二方面军在将台堡会师，是红军长征最后一次会师。","address":"宁夏固原市西吉县将台堡镇","businessHours":"全天开放","perCapitaConsumption":0.0,"averageRating":null,"totalRatings":null,"heatScore":null},{"id":"225","name":"锦州战役纪念馆","category":"Revolutionary Site","tags":["Shanghai","解放战争","解放战争时期"],"score":0.2,"history":"1948年10月，东北野战军攻克锦州，歼敌10万余人，封闭了东北国民党军陆路退路，是辽沈战役关键一役。","reason":"1948年10月，东北野战军攻克锦州，歼敌10万余人，封闭了东北国民党军陆路退路，是辽沈战役关键一役。","address":"辽宁省锦州市古塔区重庆路","businessHours":"09:00-16:30","perCapitaConsumption":0.0,"averageRating":null,"totalRatings":null,"heatScore":null},{"id":"229","name":"刘少奇同志故居","category":"Patriotic Education Base","tags":["Shanghai","中国共产党的创建","建党初期"],"score":0.2,"history":"1898年刘少奇在此诞生，并在此度过童年和少年时代，后成为中国革命的重要领导人。","reason":"1898年刘少奇在此诞生，并在此度过童年和少年时代，后成为中国革命的重要领导人。","address":"湖南省长沙市宁乡市花明楼镇","businessHours":"09:00-17:00","perCapitaConsumption":0.0,"averageRating":null,"totalRatings":null,"heatScore":null},{"id":"230","name":"方志敏纪念馆","category":"Revolutionary Site","tags":["Shanghai","南昌起义与土地革命","土地革命战争时期"],"score":0.2,"history":"方志敏是闽浙皖赣革命根据地创建人，1935年不幸被俘，在狱中写下《可爱的中国》等不朽篇章。","reason":"方志敏是闽浙皖赣革命根据地创建人，1935年不幸被俘，在狱中写下《可爱的中国》等不朽篇章。","address":"江西省上饶市弋阳县弋江镇","businessHours":"08:30-17:30","perCapitaConsumption":0.0,"averageRating":null,"totalRatings":null,"heatScore":null},{"id":"231","name":"冉庄地道战遗址","category":"Category-9","tags":["Shanghai","抗日战争","抗日战争时期"],"score":0.2,"history":"1942年，冉庄人民挖掘地道与日军斗争，形成了户户相连、村村相通的地道网，是平原地区人民战争的典范。","reason":"1942年，冉庄人民挖掘地道与日军斗争，形成了户户相连、村村相通的地道网，是平原地区人民战争的典范。","address":"河北省保定市清苑区冉庄镇","businessHours":"08:30-17:30","perCapitaConsumption":0.0,"averageRating":null,"totalRatings":null,"heatScore":null},{"id":"234","name":"龙州起义纪念馆","category":"Revolutionary Site","tags":["Shanghai","南昌起义与土地革命","土地革命战争时期"],"score":0.2,"history":"1930年2月，邓小平、李明瑞等发动龙州起义，创建中国工农红军第八军和左江革命根据地。","reason":"1930年2月，邓小平、李明瑞等发动龙州起义，创建中国工农红军第八军和左江革命根据地。","address":"广西壮族自治区崇左市龙州县","businessHours":"08:30-17:30","perCapitaConsumption":0.0,"averageRating":null,"totalRatings":null,"heatScore":null},{"id":"236","name":"省港大罢工纪念馆","category":"Revolutionary Site","tags":["Shanghai","中国共产党的创建","建党初期"],"score":0.2,"history":"1925-1926年省港大罢工期间，此为罢工委员会旧址，是早期工人运动的指挥中心。","reason":"1925-1926年省港大罢工期间，此为罢工委员会旧址，是早期工人运动的指挥中心。","address":"广东省广州市越秀区东园横路3号","businessHours":"09:00-17:00","perCapitaConsumption":0.0,"averageRating":null,"totalRatings":null,"heatScore":null},{"id":"237","name":"于都中央红军长征出发地纪念馆","category":"Revolutionary Site","tags":["Shanghai","土地革命战争时期","红军长征"],"score":0.2,"history":"1934年10月，中央红军主力8.6万余人从于都出发，开始了举世闻名的二万五千里长征。","reason":"1934年10月，中央红军主力8.6万余人从于都出发，开始了举世闻名的二万五千里长征。","address":"江西省赣州市于都县贡江镇","businessHours":"08:30-17:00","perCapitaConsumption":0.0,"averageRating":null,"totalRatings":null,"heatScore":null},{"id":"239","name":"杨靖宇将军纪念馆","category":"Revolutionary Site","tags":["Shanghai","抗日战争","抗日战争时期"],"score":0.2,"history":"杨靖宇是东北抗日联军的主要领导人，1940年2月在吉林濛江壮烈牺牲，日军解剖其遗体，发现胃中只有枯草、树皮和棉絮，令侵略者震撼。","reason":"杨靖宇是东北抗日联军的主要领导人，1940年2月在吉林濛江壮烈牺牲，日军解剖其遗体，发现胃中只有枯草、树皮和棉絮，令侵略者震撼。","address":"河南省驻马店市确山县李湾村","businessHours":"09:00-17:00","perCapitaConsumption":0.0,"averageRating":null,"totalRatings":null,"heatScore":null},{"id":"240","name":"彭雪枫纪念馆","category":"Revolutionary Site","tags":["Shanghai","抗日战争","抗日战争时期"],"score":0.2,"history":"彭雪枫是杰出的军事家，1944年9月在河南夏邑八里庄战斗中英勇牺牲，年仅37岁。他指挥的新四军第四师在抗日战争中功勋卓著。","reason":"彭雪枫是杰出的军事家，1944年9月在河南夏邑八里庄战斗中英勇牺牲，年仅37岁。他指挥的新四军第四师在抗日战争中功勋卓著。","address":"河南省南阳市镇平县建设大道","businessHours":"09:00-17:00（周一闭馆）","perCapitaConsumption":0.0,"averageRating":null,"totalRatings":null,"heatScore":null},{"id":"238","name":"中共一大纪念馆","category":"Memorial Hall","tags":["Shanghai","中国共产党的创建","建党初期"],"score":0.2666666666666667,"history":"1921年7月，中国共产党第一次全国代表大会在此召开，宣告中国共产党正式成立。这是开天辟地的大事变，中国革命面貌从此焕然一新。","reason":"1921年7月，中国共产党第一次全国代表大会在此召开，宣告中国共产党正式成立。这是开天辟地的大事变，中国革命面貌从此焕然一新。","address":"上海市黄浦区兴业路76号","businessHours":"09:00-17:00（周一闭馆）","perCapitaConsumption":0.0,"averageRating":null,"totalRatings":null,"heatScore":14},{"id":"99","name":"上海毛泽东旧居","category":"Patriotic Education Base","tags":["Shanghai","中国共产党的创建","建党初期"],"score":0.30666666666666675,"history":"1924年，毛泽东在上海工作期间居住于此，期间领导了上海的工人运动和革命活动。","reason":"1924年，毛泽东在上海工作期间居住于此，期间领导了上海的工人运动和革命活动。","address":"上海市静安区茂名北路120弄5-9号","businessHours":"09:00-16:00（周一闭馆）","perCapitaConsumption":0.0,"averageRating":null,"totalRatings":null,"heatScore":17},{"id":"39","name":"上海战役纪念馆","category":"Revolutionary Site","tags":["Shanghai","解放战争","解放战争时期"],"score":0.3333333333333333,"history":"1949年5月，第三野战军解放上海，歼敌15万余人，创造'瓷器店里打老鼠'奇迹，完整保全上海。","reason":"1949年5月，第三野战军解放上海，歼敌15万余人，创造'瓷器店里打老鼠'奇迹，完整保全上海。","address":"上海市宝山区临江公园","businessHours":"09:00-16:30","perCapitaConsumption":0.0,"averageRating":null,"totalRatings":null,"heatScore":19},{"id":"72","name":"八百壮士纪念馆","category":"Revolutionary Site","tags":["Shanghai","抗日战争","抗日战争时期"],"score":0.3333333333333333,"history":"1937年10月26日，谢晋元率八百壮士坚守四行仓库四天四夜，击毙日军200余人，伤无数，是淞沪会战最壮烈一幕。","reason":"1937年10月26日，谢晋元率八百壮士坚守四行仓库四天四夜，击毙日军200余人，伤无数，是淞沪会战最壮烈一幕。","address":"上海市静安区光复路21号","businessHours":"09:00-17:00","perCapitaConsumption":0.0,"averageRating":null,"totalRatings":null,"heatScore":19},{"id":"126","name":"上海四行仓库抗战纪念馆","category":"Revolutionary Site","tags":["Shanghai","抗日战争","抗日战争时期"],"score":0.3333333333333333,"history":"1937年淞沪会战期间，谢晋元率八百壮士在四行仓库孤军奋战四天四夜，粉碎了日军三个月灭亡中国的狂妄计划，极大鼓舞了全国军民的抗战决心。","reason":"1937年淞沪会战期间，谢晋元率八百壮士在四行仓库孤军奋战四天四夜，粉碎了日军三个月灭亡中国的狂妄计划，极大鼓舞了全国军民的抗战决心。","address":"上海市静安区光复路1号","businessHours":"09:00-16:30（周一闭馆）","perCapitaConsumption":0.0,"averageRating":null,"totalRatings":null,"heatScore":19},{"id":"47","name":"中共二大会址纪念馆","category":"Memorial Hall","tags":["Shanghai","中国共产党的创建","建党初期"],"score":0.4,"history":"1922年7月，中共二大在此召开，首次提出反帝反封建的民主革命纲领，制定了中国共产党第一部党章。","reason":"1922年7月，中共二大在此召开，首次提出反帝反封建的民主革命纲领，制定了中国共产党第一部党章。","address":"上海市静安区老成都北路7弄30号","businessHours":"09:00-16:30（周一闭馆）","perCapitaConsumption":0.0,"averageRating":null,"totalRatings":null,"heatScore":24},{"id":"101","name":"中共四大会址纪念馆","category":"Memorial Hall","tags":["Shanghai","中国共产党的创建","建党初期"],"score":0.4,"history":"1925年1月，中共四大在此召开，提出了无产阶级在民主革命中的领导权问题和工农联盟问题。","reason":"1925年1月，中共四大在此召开，提出了无产阶级在民主革命中的领导权问题和工农联盟问题。","address":"上海市虹口区东宝兴路254弄28支弄8号","businessHours":"09:00-16:30","perCapitaConsumption":0.0,"averageRating":null,"totalRatings":null,"heatScore":24}],"timestamp":"2026-01-14T15:54:17.480546900Z"}
    Forwarded URL = null
   Redirected URL = null
          Cookies = []
]]></system-out>
  </testcase>
  <testcase name="testAiPlan" classname="com.redseeker.recommend.RecommendControllerTest" time="0.027"/>
</testsuite>